debug 2024/07/24 11:14:46 hi
debug 2024/07/24 11:15:02 200 OK
debug 2024/07/24 11:15:02 &{0x4d4ea0 0xc0001ba040 0x604120}
debug 2024/07/24 11:15:11 200 OK
debug 2024/07/24 11:15:11 &{0x4d4ea0 0xc00009a080 0x604120}
debug 2024/07/24 11:15:11 [{ 0} { 0} { 0} { 0} { 0} { 0} { 0} { 0} { 0} { 0} { 0} { 0} { 0} { 0} { 0} { 0} { 0} { 0} { 0} { 0}]
debug 2024/07/24 11:15:53 200 OK
debug 2024/07/24 11:15:53 body: &{0x4d4ea0 0xc0002b2040 0x604120}
debug 2024/07/24 11:15:53 modelSales: [{ 0} { 0} { 0} { 0} { 0} { 0} { 0} { 0} { 0} { 0} { 0} { 0} { 0} { 0} { 0} { 0} { 0} { 0} { 0} { 0}]
debug 2024/07/24 11:19:12 body: [{"model":"ABOEN","sales_percent":5.43},{"model":"ADERI","sales_percent":4.68},{"model":"ALALIWEN","sales_percent":5.25},{"model":"BEODA","sales_percent":4.8},{"model":"BOZZA","sales_percent":5.25},{"model":"BUTAUD","sales_percent":4.61},{"model":"CADAUDIA","sales_percent":4.77},{"model":"CADEVEN","sales_percent":4.74},{"model":"CAELAN","sales_percent":4.67},{"model":"ELOILLAN","sales_percent":5.13},{"model":"GREG","sales_percent":5.41},{"model":"GRELIDIEN","sales_percent":5.1},{"model":"MCTYRE","sales_percent":4.87},{"model":"MIRIRA","sales_percent":5.22},{"model":"RASIEN","sales_percent":4.93},{"model":"SCHOOLER","sales_percent":5.01},{"model":"SEVIDE","sales_percent":5.65},{"model":"SODANO","sales_percent":5.01},{"model":"VENDOGNUS","sales_percent":4.84},{"model":"WUMA","sales_percent":4.61}]
debug 2024/07/24 11:19:12 modelSales: [{model: sales_percent:0} {model: sales_percent:0} {model: sales_percent:0} {model: sales_percent:0} {model: sales_percent:0} {model: sales_percent:0} {model: sales_percent:0} {model: sales_percent:0} {model: sales_percent:0} {model: sales_percent:0} {model: sales_percent:0} {model: sales_percent:0} {model: sales_percent:0} {model: sales_percent:0} {model: sales_percent:0} {model: sales_percent:0} {model: sales_percent:0} {model: sales_percent:0} {model: sales_percent:0} {model: sales_percent:0}]
debug 2024/07/24 11:19:59 body: [{"model":"ABOEN","sales_percent":5.46},{"model":"ADERI","sales_percent":4.65},{"model":"ALALIWEN","sales_percent":5.19},{"model":"BEODA","sales_percent":4.78},{"model":"BOZZA","sales_percent":5.24},{"model":"BUTAUD","sales_percent":4.65},{"model":"CADAUDIA","sales_percent":4.78},{"model":"CADEVEN","sales_percent":4.78},{"model":"CAELAN","sales_percent":4.7},{"model":"ELOILLAN","sales_percent":5.19},{"model":"GREG","sales_percent":5.36},{"model":"GRELIDIEN","sales_percent":5.12},{"model":"MCTYRE","sales_percent":4.85},{"model":"MIRIRA","sales_percent":5.19},{"model":"RASIEN","sales_percent":4.94},{"model":"SCHOOLER","sales_percent":5.0},{"model":"SEVIDE","sales_percent":5.67},{"model":"SODANO","sales_percent":4.99},{"model":"VENDOGNUS","sales_percent":4.83},{"model":"WUMA","sales_percent":4.61}]
debug 2024/07/24 11:19:59 modelSales: [{model: sales_percent:0} {model: sales_percent:0} {model: sales_percent:0} {model: sales_percent:0} {model: sales_percent:0} {model: sales_percent:0} {model: sales_percent:0} {model: sales_percent:0} {model: sales_percent:0} {model: sales_percent:0} {model: sales_percent:0} {model: sales_percent:0} {model: sales_percent:0} {model: sales_percent:0} {model: sales_percent:0} {model: sales_percent:0} {model: sales_percent:0} {model: sales_percent:0} {model: sales_percent:0} {model: sales_percent:0}]
debug 2024/07/24 11:20:16 body: [{"model":"ABOEN","sales_percent":5.45},{"model":"ADERI","sales_percent":4.65},{"model":"ALALIWEN","sales_percent":5.18},{"model":"BEODA","sales_percent":4.77},{"model":"BOZZA","sales_percent":5.23},{"model":"BUTAUD","sales_percent":4.67},{"model":"CADAUDIA","sales_percent":4.77},{"model":"CADEVEN","sales_percent":4.77},{"model":"CAELAN","sales_percent":4.67},{"model":"ELOILLAN","sales_percent":5.21},{"model":"GREG","sales_percent":5.35},{"model":"GRELIDIEN","sales_percent":5.14},{"model":"MCTYRE","sales_percent":4.84},{"model":"MIRIRA","sales_percent":5.23},{"model":"RASIEN","sales_percent":4.94},{"model":"SCHOOLER","sales_percent":4.97},{"model":"SEVIDE","sales_percent":5.72},{"model":"SODANO","sales_percent":4.99},{"model":"VENDOGNUS","sales_percent":4.87},{"model":"WUMA","sales_percent":4.58}]
debug 2024/07/24 11:20:16 WTFFFFFFF
debug 2024/07/24 11:20:16 modelSales: [{model: sales_percent:0} {model: sales_percent:0} {model: sales_percent:0} {model: sales_percent:0} {model: sales_percent:0} {model: sales_percent:0} {model: sales_percent:0} {model: sales_percent:0} {model: sales_percent:0} {model: sales_percent:0} {model: sales_percent:0} {model: sales_percent:0} {model: sales_percent:0} {model: sales_percent:0} {model: sales_percent:0} {model: sales_percent:0} {model: sales_percent:0} {model: sales_percent:0} {model: sales_percent:0} {model: sales_percent:0}]
debug 2024/07/24 11:20:34 body: [{"model":"ABOEN","sales_percent":5.47},{"model":"ADERI","sales_percent":4.66},{"model":"ALALIWEN","sales_percent":5.18},{"model":"BEODA","sales_percent":4.76},{"model":"BOZZA","sales_percent":5.21},{"model":"BUTAUD","sales_percent":4.69},{"model":"CADAUDIA","sales_percent":4.78},{"model":"CADEVEN","sales_percent":4.79},{"model":"CAELAN","sales_percent":4.66},{"model":"ELOILLAN","sales_percent":5.2},{"model":"GREG","sales_percent":5.35},{"model":"GRELIDIEN","sales_percent":5.13},{"model":"MCTYRE","sales_percent":4.84},{"model":"MIRIRA","sales_percent":5.21},{"model":"RASIEN","sales_percent":4.91},{"model":"SCHOOLER","sales_percent":4.95},{"model":"SEVIDE","sales_percent":5.72},{"model":"SODANO","sales_percent":4.98},{"model":"VENDOGNUS","sales_percent":4.88},{"model":"WUMA","sales_percent":4.63}]
debug 2024/07/24 11:20:34 modelSales: [{model: sales_percent:0} {model: sales_percent:0} {model: sales_percent:0} {model: sales_percent:0} {model: sales_percent:0} {model: sales_percent:0} {model: sales_percent:0} {model: sales_percent:0} {model: sales_percent:0} {model: sales_percent:0} {model: sales_percent:0} {model: sales_percent:0} {model: sales_percent:0} {model: sales_percent:0} {model: sales_percent:0} {model: sales_percent:0} {model: sales_percent:0} {model: sales_percent:0} {model: sales_percent:0} {model: sales_percent:0}]
debug 2024/07/24 11:20:44 body: [{"model":"ABOEN","sales_percent":5.48},{"model":"ADERI","sales_percent":4.64},{"model":"ALALIWEN","sales_percent":5.16},{"model":"BEODA","sales_percent":4.76},{"model":"BOZZA","sales_percent":5.23},{"model":"BUTAUD","sales_percent":4.67},{"model":"CADAUDIA","sales_percent":4.77},{"model":"CADEVEN","sales_percent":4.82},{"model":"CAELAN","sales_percent":4.66},{"model":"ELOILLAN","sales_percent":5.19},{"model":"GREG","sales_percent":5.39},{"model":"GRELIDIEN","sales_percent":5.12},{"model":"MCTYRE","sales_percent":4.87},{"model":"MIRIRA","sales_percent":5.24},{"model":"RASIEN","sales_percent":4.89},{"model":"SCHOOLER","sales_percent":4.92},{"model":"SEVIDE","sales_percent":5.76},{"model":"SODANO","sales_percent":4.96},{"model":"VENDOGNUS","sales_percent":4.86},{"model":"WUMA","sales_percent":4.61}]
debug 2024/07/24 11:20:44 modelSales: [{model: sales_percent:0} {model: sales_percent:0} {model: sales_percent:0} {model: sales_percent:0} {model: sales_percent:0} {model: sales_percent:0} {model: sales_percent:0} {model: sales_percent:0} {model: sales_percent:0} {model: sales_percent:0} {model: sales_percent:0} {model: sales_percent:0} {model: sales_percent:0} {model: sales_percent:0} {model: sales_percent:0} {model: sales_percent:0} {model: sales_percent:0} {model: sales_percent:0} {model: sales_percent:0} {model: sales_percent:0}]
debug 2024/07/24 11:22:33 body: [{"model":"ABOEN","sales_percent":5.46},{"model":"ADERI","sales_percent":4.6},{"model":"ALALIWEN","sales_percent":5.22},{"model":"BEODA","sales_percent":4.81},{"model":"BOZZA","sales_percent":5.18},{"model":"BUTAUD","sales_percent":4.76},{"model":"CADAUDIA","sales_percent":4.83},{"model":"CADEVEN","sales_percent":4.8},{"model":"CAELAN","sales_percent":4.68},{"model":"ELOILLAN","sales_percent":5.17},{"model":"GREG","sales_percent":5.35},{"model":"GRELIDIEN","sales_percent":5.12},{"model":"MCTYRE","sales_percent":4.93},{"model":"MIRIRA","sales_percent":5.31},{"model":"RASIEN","sales_percent":4.86},{"model":"SCHOOLER","sales_percent":4.88},{"model":"SEVIDE","sales_percent":5.78},{"model":"SODANO","sales_percent":4.94},{"model":"VENDOGNUS","sales_percent":4.78},{"model":"WUMA","sales_percent":4.54}]
debug 2024/07/24 11:22:33 shoeModelSales: [{ShoeModel:ABOEN SalesPercent:5.46} {ShoeModel:ADERI SalesPercent:4.6} {ShoeModel:ALALIWEN SalesPercent:5.22} {ShoeModel:BEODA SalesPercent:4.81} {ShoeModel:BOZZA SalesPercent:5.18} {ShoeModel:BUTAUD SalesPercent:4.76} {ShoeModel:CADAUDIA SalesPercent:4.83} {ShoeModel:CADEVEN SalesPercent:4.8} {ShoeModel:CAELAN SalesPercent:4.68} {ShoeModel:ELOILLAN SalesPercent:5.17} {ShoeModel:GREG SalesPercent:5.35} {ShoeModel:GRELIDIEN SalesPercent:5.12} {ShoeModel:MCTYRE SalesPercent:4.93} {ShoeModel:MIRIRA SalesPercent:5.31} {ShoeModel:RASIEN SalesPercent:4.86} {ShoeModel:SCHOOLER SalesPercent:4.88} {ShoeModel:SEVIDE SalesPercent:5.78} {ShoeModel:SODANO SalesPercent:4.94} {ShoeModel:VENDOGNUS SalesPercent:4.78} {ShoeModel:WUMA SalesPercent:4.54}]
debug 2024/07/24 13:26:28 body: [{"model":"ABOEN","sales_percent":5.08},{"model":"ADERI","sales_percent":4.91},{"model":"ALALIWEN","sales_percent":5.07},{"model":"BEODA","sales_percent":4.94},{"model":"BOZZA","sales_percent":5.1},{"model":"BUTAUD","sales_percent":5.08},{"model":"CADAUDIA","sales_percent":5.18},{"model":"CADEVEN","sales_percent":4.97},{"model":"CAELAN","sales_percent":4.75},{"model":"ELOILLAN","sales_percent":4.79},{"model":"GREG","sales_percent":5.03},{"model":"GRELIDIEN","sales_percent":5.01},{"model":"MCTYRE","sales_percent":5.12},{"model":"MIRIRA","sales_percent":5.05},{"model":"RASIEN","sales_percent":4.96},{"model":"SCHOOLER","sales_percent":4.9},{"model":"SEVIDE","sales_percent":5.37},{"model":"SODANO","sales_percent":4.75},{"model":"VENDOGNUS","sales_percent":5.07},{"model":"WUMA","sales_percent":4.85}]
debug 2024/07/24 13:26:28 shoeModelSales: [{ShoeModel:ABOEN SalesPercent:5.08} {ShoeModel:ADERI SalesPercent:4.91} {ShoeModel:ALALIWEN SalesPercent:5.07} {ShoeModel:BEODA SalesPercent:4.94} {ShoeModel:BOZZA SalesPercent:5.1} {ShoeModel:BUTAUD SalesPercent:5.08} {ShoeModel:CADAUDIA SalesPercent:5.18} {ShoeModel:CADEVEN SalesPercent:4.97} {ShoeModel:CAELAN SalesPercent:4.75} {ShoeModel:ELOILLAN SalesPercent:4.79} {ShoeModel:GREG SalesPercent:5.03} {ShoeModel:GRELIDIEN SalesPercent:5.01} {ShoeModel:MCTYRE SalesPercent:5.12} {ShoeModel:MIRIRA SalesPercent:5.05} {ShoeModel:RASIEN SalesPercent:4.96} {ShoeModel:SCHOOLER SalesPercent:4.9} {ShoeModel:SEVIDE SalesPercent:5.37} {ShoeModel:SODANO SalesPercent:4.75} {ShoeModel:VENDOGNUS SalesPercent:5.07} {ShoeModel:WUMA SalesPercent:4.85}]
debug 2024/07/24 13:26:30 body: [{"model":"ABOEN","sales_percent":5.08},{"model":"ADERI","sales_percent":4.91},{"model":"ALALIWEN","sales_percent":5.07},{"model":"BEODA","sales_percent":4.95},{"model":"BOZZA","sales_percent":5.1},{"model":"BUTAUD","sales_percent":5.08},{"model":"CADAUDIA","sales_percent":5.19},{"model":"CADEVEN","sales_percent":4.97},{"model":"CAELAN","sales_percent":4.75},{"model":"ELOILLAN","sales_percent":4.79},{"model":"GREG","sales_percent":5.03},{"model":"GRELIDIEN","sales_percent":5.01},{"model":"MCTYRE","sales_percent":5.11},{"model":"MIRIRA","sales_percent":5.05},{"model":"RASIEN","sales_percent":4.96},{"model":"SCHOOLER","sales_percent":4.9},{"model":"SEVIDE","sales_percent":5.37},{"model":"SODANO","sales_percent":4.76},{"model":"VENDOGNUS","sales_percent":5.07},{"model":"WUMA","sales_percent":4.85}]
debug 2024/07/24 13:26:30 shoeModelSales: [{ShoeModel:ABOEN SalesPercent:5.08} {ShoeModel:ADERI SalesPercent:4.91} {ShoeModel:ALALIWEN SalesPercent:5.07} {ShoeModel:BEODA SalesPercent:4.95} {ShoeModel:BOZZA SalesPercent:5.1} {ShoeModel:BUTAUD SalesPercent:5.08} {ShoeModel:CADAUDIA SalesPercent:5.19} {ShoeModel:CADEVEN SalesPercent:4.97} {ShoeModel:CAELAN SalesPercent:4.75} {ShoeModel:ELOILLAN SalesPercent:4.79} {ShoeModel:GREG SalesPercent:5.03} {ShoeModel:GRELIDIEN SalesPercent:5.01} {ShoeModel:MCTYRE SalesPercent:5.11} {ShoeModel:MIRIRA SalesPercent:5.05} {ShoeModel:RASIEN SalesPercent:4.96} {ShoeModel:SCHOOLER SalesPercent:4.9} {ShoeModel:SEVIDE SalesPercent:5.37} {ShoeModel:SODANO SalesPercent:4.76} {ShoeModel:VENDOGNUS SalesPercent:5.07} {ShoeModel:WUMA SalesPercent:4.85}]
debug 2024/07/24 13:26:30 body: [{"model":"ABOEN","sales_percent":5.08},{"model":"ADERI","sales_percent":4.91},{"model":"ALALIWEN","sales_percent":5.07},{"model":"BEODA","sales_percent":4.95},{"model":"BOZZA","sales_percent":5.1},{"model":"BUTAUD","sales_percent":5.08},{"model":"CADAUDIA","sales_percent":5.19},{"model":"CADEVEN","sales_percent":4.97},{"model":"CAELAN","sales_percent":4.75},{"model":"ELOILLAN","sales_percent":4.79},{"model":"GREG","sales_percent":5.03},{"model":"GRELIDIEN","sales_percent":5.01},{"model":"MCTYRE","sales_percent":5.11},{"model":"MIRIRA","sales_percent":5.05},{"model":"RASIEN","sales_percent":4.96},{"model":"SCHOOLER","sales_percent":4.9},{"model":"SEVIDE","sales_percent":5.37},{"model":"SODANO","sales_percent":4.76},{"model":"VENDOGNUS","sales_percent":5.07},{"model":"WUMA","sales_percent":4.85}]
debug 2024/07/24 13:26:30 shoeModelSales: [{ShoeModel:ABOEN SalesPercent:5.08} {ShoeModel:ADERI SalesPercent:4.91} {ShoeModel:ALALIWEN SalesPercent:5.07} {ShoeModel:BEODA SalesPercent:4.95} {ShoeModel:BOZZA SalesPercent:5.1} {ShoeModel:BUTAUD SalesPercent:5.08} {ShoeModel:CADAUDIA SalesPercent:5.19} {ShoeModel:CADEVEN SalesPercent:4.97} {ShoeModel:CAELAN SalesPercent:4.75} {ShoeModel:ELOILLAN SalesPercent:4.79} {ShoeModel:GREG SalesPercent:5.03} {ShoeModel:GRELIDIEN SalesPercent:5.01} {ShoeModel:MCTYRE SalesPercent:5.11} {ShoeModel:MIRIRA SalesPercent:5.05} {ShoeModel:RASIEN SalesPercent:4.96} {ShoeModel:SCHOOLER SalesPercent:4.9} {ShoeModel:SEVIDE SalesPercent:5.37} {ShoeModel:SODANO SalesPercent:4.76} {ShoeModel:VENDOGNUS SalesPercent:5.07} {ShoeModel:WUMA SalesPercent:4.85}]
debug 2024/07/24 13:26:32 body: [{"model":"ABOEN","sales_percent":5.08},{"model":"ADERI","sales_percent":4.9},{"model":"ALALIWEN","sales_percent":5.07},{"model":"BEODA","sales_percent":4.95},{"model":"BOZZA","sales_percent":5.09},{"model":"BUTAUD","sales_percent":5.08},{"model":"CADAUDIA","sales_percent":5.18},{"model":"CADEVEN","sales_percent":4.97},{"model":"CAELAN","sales_percent":4.75},{"model":"ELOILLAN","sales_percent":4.79},{"model":"GREG","sales_percent":5.03},{"model":"GRELIDIEN","sales_percent":5.01},{"model":"MCTYRE","sales_percent":5.11},{"model":"MIRIRA","sales_percent":5.05},{"model":"RASIEN","sales_percent":4.96},{"model":"SCHOOLER","sales_percent":4.9},{"model":"SEVIDE","sales_percent":5.37},{"model":"SODANO","sales_percent":4.76},{"model":"VENDOGNUS","sales_percent":5.07},{"model":"WUMA","sales_percent":4.86}]
debug 2024/07/24 13:26:32 shoeModelSales: [{ShoeModel:ABOEN SalesPercent:5.08} {ShoeModel:ADERI SalesPercent:4.9} {ShoeModel:ALALIWEN SalesPercent:5.07} {ShoeModel:BEODA SalesPercent:4.95} {ShoeModel:BOZZA SalesPercent:5.09} {ShoeModel:BUTAUD SalesPercent:5.08} {ShoeModel:CADAUDIA SalesPercent:5.18} {ShoeModel:CADEVEN SalesPercent:4.97} {ShoeModel:CAELAN SalesPercent:4.75} {ShoeModel:ELOILLAN SalesPercent:4.79} {ShoeModel:GREG SalesPercent:5.03} {ShoeModel:GRELIDIEN SalesPercent:5.01} {ShoeModel:MCTYRE SalesPercent:5.11} {ShoeModel:MIRIRA SalesPercent:5.05} {ShoeModel:RASIEN SalesPercent:4.96} {ShoeModel:SCHOOLER SalesPercent:4.9} {ShoeModel:SEVIDE SalesPercent:5.37} {ShoeModel:SODANO SalesPercent:4.76} {ShoeModel:VENDOGNUS SalesPercent:5.07} {ShoeModel:WUMA SalesPercent:4.86}]
debug 2024/07/24 13:26:32 body: [{"model":"ABOEN","sales_percent":5.08},{"model":"ADERI","sales_percent":4.9},{"model":"ALALIWEN","sales_percent":5.07},{"model":"BEODA","sales_percent":4.95},{"model":"BOZZA","sales_percent":5.09},{"model":"BUTAUD","sales_percent":5.08},{"model":"CADAUDIA","sales_percent":5.18},{"model":"CADEVEN","sales_percent":4.97},{"model":"CAELAN","sales_percent":4.75},{"model":"ELOILLAN","sales_percent":4.79},{"model":"GREG","sales_percent":5.03},{"model":"GRELIDIEN","sales_percent":5.01},{"model":"MCTYRE","sales_percent":5.11},{"model":"MIRIRA","sales_percent":5.05},{"model":"RASIEN","sales_percent":4.96},{"model":"SCHOOLER","sales_percent":4.9},{"model":"SEVIDE","sales_percent":5.37},{"model":"SODANO","sales_percent":4.76},{"model":"VENDOGNUS","sales_percent":5.07},{"model":"WUMA","sales_percent":4.86}]
debug 2024/07/24 13:26:32 shoeModelSales: [{ShoeModel:ABOEN SalesPercent:5.08} {ShoeModel:ADERI SalesPercent:4.9} {ShoeModel:ALALIWEN SalesPercent:5.07} {ShoeModel:BEODA SalesPercent:4.95} {ShoeModel:BOZZA SalesPercent:5.09} {ShoeModel:BUTAUD SalesPercent:5.08} {ShoeModel:CADAUDIA SalesPercent:5.18} {ShoeModel:CADEVEN SalesPercent:4.97} {ShoeModel:CAELAN SalesPercent:4.75} {ShoeModel:ELOILLAN SalesPercent:4.79} {ShoeModel:GREG SalesPercent:5.03} {ShoeModel:GRELIDIEN SalesPercent:5.01} {ShoeModel:MCTYRE SalesPercent:5.11} {ShoeModel:MIRIRA SalesPercent:5.05} {ShoeModel:RASIEN SalesPercent:4.96} {ShoeModel:SCHOOLER SalesPercent:4.9} {ShoeModel:SEVIDE SalesPercent:5.37} {ShoeModel:SODANO SalesPercent:4.76} {ShoeModel:VENDOGNUS SalesPercent:5.07} {ShoeModel:WUMA SalesPercent:4.86}]
debug 2024/07/24 13:26:34 body: [{"model":"ABOEN","sales_percent":5.07},{"model":"ADERI","sales_percent":4.9},{"model":"ALALIWEN","sales_percent":5.07},{"model":"BEODA","sales_percent":4.95},{"model":"BOZZA","sales_percent":5.09},{"model":"BUTAUD","sales_percent":5.08},{"model":"CADAUDIA","sales_percent":5.18},{"model":"CADEVEN","sales_percent":4.98},{"model":"CAELAN","sales_percent":4.75},{"model":"ELOILLAN","sales_percent":4.79},{"model":"GREG","sales_percent":5.03},{"model":"GRELIDIEN","sales_percent":5.01},{"model":"MCTYRE","sales_percent":5.12},{"model":"MIRIRA","sales_percent":5.05},{"model":"RASIEN","sales_percent":4.96},{"model":"SCHOOLER","sales_percent":4.9},{"model":"SEVIDE","sales_percent":5.37},{"model":"SODANO","sales_percent":4.76},{"model":"VENDOGNUS","sales_percent":5.07},{"model":"WUMA","sales_percent":4.87}]
debug 2024/07/24 13:26:34 shoeModelSales: [{ShoeModel:ABOEN SalesPercent:5.07} {ShoeModel:ADERI SalesPercent:4.9} {ShoeModel:ALALIWEN SalesPercent:5.07} {ShoeModel:BEODA SalesPercent:4.95} {ShoeModel:BOZZA SalesPercent:5.09} {ShoeModel:BUTAUD SalesPercent:5.08} {ShoeModel:CADAUDIA SalesPercent:5.18} {ShoeModel:CADEVEN SalesPercent:4.98} {ShoeModel:CAELAN SalesPercent:4.75} {ShoeModel:ELOILLAN SalesPercent:4.79} {ShoeModel:GREG SalesPercent:5.03} {ShoeModel:GRELIDIEN SalesPercent:5.01} {ShoeModel:MCTYRE SalesPercent:5.12} {ShoeModel:MIRIRA SalesPercent:5.05} {ShoeModel:RASIEN SalesPercent:4.96} {ShoeModel:SCHOOLER SalesPercent:4.9} {ShoeModel:SEVIDE SalesPercent:5.37} {ShoeModel:SODANO SalesPercent:4.76} {ShoeModel:VENDOGNUS SalesPercent:5.07} {ShoeModel:WUMA SalesPercent:4.87}]
debug 2024/07/24 13:26:34 body: [{"model":"ABOEN","sales_percent":5.07},{"model":"ADERI","sales_percent":4.9},{"model":"ALALIWEN","sales_percent":5.07},{"model":"BEODA","sales_percent":4.95},{"model":"BOZZA","sales_percent":5.09},{"model":"BUTAUD","sales_percent":5.08},{"model":"CADAUDIA","sales_percent":5.18},{"model":"CADEVEN","sales_percent":4.98},{"model":"CAELAN","sales_percent":4.75},{"model":"ELOILLAN","sales_percent":4.79},{"model":"GREG","sales_percent":5.03},{"model":"GRELIDIEN","sales_percent":5.01},{"model":"MCTYRE","sales_percent":5.12},{"model":"MIRIRA","sales_percent":5.05},{"model":"RASIEN","sales_percent":4.96},{"model":"SCHOOLER","sales_percent":4.9},{"model":"SEVIDE","sales_percent":5.37},{"model":"SODANO","sales_percent":4.76},{"model":"VENDOGNUS","sales_percent":5.07},{"model":"WUMA","sales_percent":4.87}]
debug 2024/07/24 13:26:34 shoeModelSales: [{ShoeModel:ABOEN SalesPercent:5.07} {ShoeModel:ADERI SalesPercent:4.9} {ShoeModel:ALALIWEN SalesPercent:5.07} {ShoeModel:BEODA SalesPercent:4.95} {ShoeModel:BOZZA SalesPercent:5.09} {ShoeModel:BUTAUD SalesPercent:5.08} {ShoeModel:CADAUDIA SalesPercent:5.18} {ShoeModel:CADEVEN SalesPercent:4.98} {ShoeModel:CAELAN SalesPercent:4.75} {ShoeModel:ELOILLAN SalesPercent:4.79} {ShoeModel:GREG SalesPercent:5.03} {ShoeModel:GRELIDIEN SalesPercent:5.01} {ShoeModel:MCTYRE SalesPercent:5.12} {ShoeModel:MIRIRA SalesPercent:5.05} {ShoeModel:RASIEN SalesPercent:4.96} {ShoeModel:SCHOOLER SalesPercent:4.9} {ShoeModel:SEVIDE SalesPercent:5.37} {ShoeModel:SODANO SalesPercent:4.76} {ShoeModel:VENDOGNUS SalesPercent:5.07} {ShoeModel:WUMA SalesPercent:4.87}]
debug 2024/07/24 13:26:36 body: [{"model":"ABOEN","sales_percent":5.07},{"model":"ADERI","sales_percent":4.9},{"model":"ALALIWEN","sales_percent":5.06},{"model":"BEODA","sales_percent":4.95},{"model":"BOZZA","sales_percent":5.1},{"model":"BUTAUD","sales_percent":5.08},{"model":"CADAUDIA","sales_percent":5.19},{"model":"CADEVEN","sales_percent":4.97},{"model":"CAELAN","sales_percent":4.75},{"model":"ELOILLAN","sales_percent":4.79},{"model":"GREG","sales_percent":5.03},{"model":"GRELIDIEN","sales_percent":5.01},{"model":"MCTYRE","sales_percent":5.12},{"model":"MIRIRA","sales_percent":5.05},{"model":"RASIEN","sales_percent":4.96},{"model":"SCHOOLER","sales_percent":4.9},{"model":"SEVIDE","sales_percent":5.37},{"model":"SODANO","sales_percent":4.76},{"model":"VENDOGNUS","sales_percent":5.07},{"model":"WUMA","sales_percent":4.87}]
debug 2024/07/24 13:26:36 shoeModelSales: [{ShoeModel:ABOEN SalesPercent:5.07} {ShoeModel:ADERI SalesPercent:4.9} {ShoeModel:ALALIWEN SalesPercent:5.06} {ShoeModel:BEODA SalesPercent:4.95} {ShoeModel:BOZZA SalesPercent:5.1} {ShoeModel:BUTAUD SalesPercent:5.08} {ShoeModel:CADAUDIA SalesPercent:5.19} {ShoeModel:CADEVEN SalesPercent:4.97} {ShoeModel:CAELAN SalesPercent:4.75} {ShoeModel:ELOILLAN SalesPercent:4.79} {ShoeModel:GREG SalesPercent:5.03} {ShoeModel:GRELIDIEN SalesPercent:5.01} {ShoeModel:MCTYRE SalesPercent:5.12} {ShoeModel:MIRIRA SalesPercent:5.05} {ShoeModel:RASIEN SalesPercent:4.96} {ShoeModel:SCHOOLER SalesPercent:4.9} {ShoeModel:SEVIDE SalesPercent:5.37} {ShoeModel:SODANO SalesPercent:4.76} {ShoeModel:VENDOGNUS SalesPercent:5.07} {ShoeModel:WUMA SalesPercent:4.87}]
debug 2024/07/24 13:26:36 body: [{"model":"ABOEN","sales_percent":5.07},{"model":"ADERI","sales_percent":4.9},{"model":"ALALIWEN","sales_percent":5.06},{"model":"BEODA","sales_percent":4.95},{"model":"BOZZA","sales_percent":5.1},{"model":"BUTAUD","sales_percent":5.08},{"model":"CADAUDIA","sales_percent":5.19},{"model":"CADEVEN","sales_percent":4.97},{"model":"CAELAN","sales_percent":4.75},{"model":"ELOILLAN","sales_percent":4.79},{"model":"GREG","sales_percent":5.03},{"model":"GRELIDIEN","sales_percent":5.01},{"model":"MCTYRE","sales_percent":5.12},{"model":"MIRIRA","sales_percent":5.05},{"model":"RASIEN","sales_percent":4.96},{"model":"SCHOOLER","sales_percent":4.9},{"model":"SEVIDE","sales_percent":5.37},{"model":"SODANO","sales_percent":4.76},{"model":"VENDOGNUS","sales_percent":5.07},{"model":"WUMA","sales_percent":4.87}]
debug 2024/07/24 13:26:36 shoeModelSales: [{ShoeModel:ABOEN SalesPercent:5.07} {ShoeModel:ADERI SalesPercent:4.9} {ShoeModel:ALALIWEN SalesPercent:5.06} {ShoeModel:BEODA SalesPercent:4.95} {ShoeModel:BOZZA SalesPercent:5.1} {ShoeModel:BUTAUD SalesPercent:5.08} {ShoeModel:CADAUDIA SalesPercent:5.19} {ShoeModel:CADEVEN SalesPercent:4.97} {ShoeModel:CAELAN SalesPercent:4.75} {ShoeModel:ELOILLAN SalesPercent:4.79} {ShoeModel:GREG SalesPercent:5.03} {ShoeModel:GRELIDIEN SalesPercent:5.01} {ShoeModel:MCTYRE SalesPercent:5.12} {ShoeModel:MIRIRA SalesPercent:5.05} {ShoeModel:RASIEN SalesPercent:4.96} {ShoeModel:SCHOOLER SalesPercent:4.9} {ShoeModel:SEVIDE SalesPercent:5.37} {ShoeModel:SODANO SalesPercent:4.76} {ShoeModel:VENDOGNUS SalesPercent:5.07} {ShoeModel:WUMA SalesPercent:4.87}]
debug 2024/07/24 13:26:38 body: [{"model":"ABOEN","sales_percent":5.07},{"model":"ADERI","sales_percent":4.9},{"model":"ALALIWEN","sales_percent":5.06},{"model":"BEODA","sales_percent":4.95},{"model":"BOZZA","sales_percent":5.1},{"model":"BUTAUD","sales_percent":5.08},{"model":"CADAUDIA","sales_percent":5.19},{"model":"CADEVEN","sales_percent":4.97},{"model":"CAELAN","sales_percent":4.75},{"model":"ELOILLAN","sales_percent":4.79},{"model":"GREG","sales_percent":5.03},{"model":"GRELIDIEN","sales_percent":5.01},{"model":"MCTYRE","sales_percent":5.12},{"model":"MIRIRA","sales_percent":5.05},{"model":"RASIEN","sales_percent":4.96},{"model":"SCHOOLER","sales_percent":4.9},{"model":"SEVIDE","sales_percent":5.37},{"model":"SODANO","sales_percent":4.76},{"model":"VENDOGNUS","sales_percent":5.07},{"model":"WUMA","sales_percent":4.87}]
debug 2024/07/24 13:26:38 shoeModelSales: [{ShoeModel:ABOEN SalesPercent:5.07} {ShoeModel:ADERI SalesPercent:4.9} {ShoeModel:ALALIWEN SalesPercent:5.06} {ShoeModel:BEODA SalesPercent:4.95} {ShoeModel:BOZZA SalesPercent:5.1} {ShoeModel:BUTAUD SalesPercent:5.08} {ShoeModel:CADAUDIA SalesPercent:5.19} {ShoeModel:CADEVEN SalesPercent:4.97} {ShoeModel:CAELAN SalesPercent:4.75} {ShoeModel:ELOILLAN SalesPercent:4.79} {ShoeModel:GREG SalesPercent:5.03} {ShoeModel:GRELIDIEN SalesPercent:5.01} {ShoeModel:MCTYRE SalesPercent:5.12} {ShoeModel:MIRIRA SalesPercent:5.05} {ShoeModel:RASIEN SalesPercent:4.96} {ShoeModel:SCHOOLER SalesPercent:4.9} {ShoeModel:SEVIDE SalesPercent:5.37} {ShoeModel:SODANO SalesPercent:4.76} {ShoeModel:VENDOGNUS SalesPercent:5.07} {ShoeModel:WUMA SalesPercent:4.87}]
debug 2024/07/24 13:26:38 body: [{"model":"ABOEN","sales_percent":5.07},{"model":"ADERI","sales_percent":4.9},{"model":"ALALIWEN","sales_percent":5.06},{"model":"BEODA","sales_percent":4.95},{"model":"BOZZA","sales_percent":5.1},{"model":"BUTAUD","sales_percent":5.08},{"model":"CADAUDIA","sales_percent":5.19},{"model":"CADEVEN","sales_percent":4.97},{"model":"CAELAN","sales_percent":4.75},{"model":"ELOILLAN","sales_percent":4.79},{"model":"GREG","sales_percent":5.03},{"model":"GRELIDIEN","sales_percent":5.01},{"model":"MCTYRE","sales_percent":5.12},{"model":"MIRIRA","sales_percent":5.05},{"model":"RASIEN","sales_percent":4.96},{"model":"SCHOOLER","sales_percent":4.9},{"model":"SEVIDE","sales_percent":5.37},{"model":"SODANO","sales_percent":4.76},{"model":"VENDOGNUS","sales_percent":5.07},{"model":"WUMA","sales_percent":4.87}]
debug 2024/07/24 13:26:38 shoeModelSales: [{ShoeModel:ABOEN SalesPercent:5.07} {ShoeModel:ADERI SalesPercent:4.9} {ShoeModel:ALALIWEN SalesPercent:5.06} {ShoeModel:BEODA SalesPercent:4.95} {ShoeModel:BOZZA SalesPercent:5.1} {ShoeModel:BUTAUD SalesPercent:5.08} {ShoeModel:CADAUDIA SalesPercent:5.19} {ShoeModel:CADEVEN SalesPercent:4.97} {ShoeModel:CAELAN SalesPercent:4.75} {ShoeModel:ELOILLAN SalesPercent:4.79} {ShoeModel:GREG SalesPercent:5.03} {ShoeModel:GRELIDIEN SalesPercent:5.01} {ShoeModel:MCTYRE SalesPercent:5.12} {ShoeModel:MIRIRA SalesPercent:5.05} {ShoeModel:RASIEN SalesPercent:4.96} {ShoeModel:SCHOOLER SalesPercent:4.9} {ShoeModel:SEVIDE SalesPercent:5.37} {ShoeModel:SODANO SalesPercent:4.76} {ShoeModel:VENDOGNUS SalesPercent:5.07} {ShoeModel:WUMA SalesPercent:4.87}]
debug 2024/07/24 13:26:40 body: [{"model":"ABOEN","sales_percent":5.07},{"model":"ADERI","sales_percent":4.9},{"model":"ALALIWEN","sales_percent":5.06},{"model":"BEODA","sales_percent":4.95},{"model":"BOZZA","sales_percent":5.1},{"model":"BUTAUD","sales_percent":5.08},{"model":"CADAUDIA","sales_percent":5.19},{"model":"CADEVEN","sales_percent":4.97},{"model":"CAELAN","sales_percent":4.75},{"model":"ELOILLAN","sales_percent":4.79},{"model":"GREG","sales_percent":5.03},{"model":"GRELIDIEN","sales_percent":5.01},{"model":"MCTYRE","sales_percent":5.12},{"model":"MIRIRA","sales_percent":5.05},{"model":"RASIEN","sales_percent":4.96},{"model":"SCHOOLER","sales_percent":4.9},{"model":"SEVIDE","sales_percent":5.36},{"model":"SODANO","sales_percent":4.76},{"model":"VENDOGNUS","sales_percent":5.08},{"model":"WUMA","sales_percent":4.87}]
debug 2024/07/24 13:26:40 shoeModelSales: [{ShoeModel:ABOEN SalesPercent:5.07} {ShoeModel:ADERI SalesPercent:4.9} {ShoeModel:ALALIWEN SalesPercent:5.06} {ShoeModel:BEODA SalesPercent:4.95} {ShoeModel:BOZZA SalesPercent:5.1} {ShoeModel:BUTAUD SalesPercent:5.08} {ShoeModel:CADAUDIA SalesPercent:5.19} {ShoeModel:CADEVEN SalesPercent:4.97} {ShoeModel:CAELAN SalesPercent:4.75} {ShoeModel:ELOILLAN SalesPercent:4.79} {ShoeModel:GREG SalesPercent:5.03} {ShoeModel:GRELIDIEN SalesPercent:5.01} {ShoeModel:MCTYRE SalesPercent:5.12} {ShoeModel:MIRIRA SalesPercent:5.05} {ShoeModel:RASIEN SalesPercent:4.96} {ShoeModel:SCHOOLER SalesPercent:4.9} {ShoeModel:SEVIDE SalesPercent:5.36} {ShoeModel:SODANO SalesPercent:4.76} {ShoeModel:VENDOGNUS SalesPercent:5.08} {ShoeModel:WUMA SalesPercent:4.87}]
debug 2024/07/24 13:26:40 body: [{"model":"ABOEN","sales_percent":5.07},{"model":"ADERI","sales_percent":4.9},{"model":"ALALIWEN","sales_percent":5.06},{"model":"BEODA","sales_percent":4.95},{"model":"BOZZA","sales_percent":5.1},{"model":"BUTAUD","sales_percent":5.08},{"model":"CADAUDIA","sales_percent":5.19},{"model":"CADEVEN","sales_percent":4.97},{"model":"CAELAN","sales_percent":4.75},{"model":"ELOILLAN","sales_percent":4.79},{"model":"GREG","sales_percent":5.03},{"model":"GRELIDIEN","sales_percent":5.01},{"model":"MCTYRE","sales_percent":5.12},{"model":"MIRIRA","sales_percent":5.05},{"model":"RASIEN","sales_percent":4.96},{"model":"SCHOOLER","sales_percent":4.9},{"model":"SEVIDE","sales_percent":5.36},{"model":"SODANO","sales_percent":4.76},{"model":"VENDOGNUS","sales_percent":5.08},{"model":"WUMA","sales_percent":4.87}]
debug 2024/07/24 13:26:40 shoeModelSales: [{ShoeModel:ABOEN SalesPercent:5.07} {ShoeModel:ADERI SalesPercent:4.9} {ShoeModel:ALALIWEN SalesPercent:5.06} {ShoeModel:BEODA SalesPercent:4.95} {ShoeModel:BOZZA SalesPercent:5.1} {ShoeModel:BUTAUD SalesPercent:5.08} {ShoeModel:CADAUDIA SalesPercent:5.19} {ShoeModel:CADEVEN SalesPercent:4.97} {ShoeModel:CAELAN SalesPercent:4.75} {ShoeModel:ELOILLAN SalesPercent:4.79} {ShoeModel:GREG SalesPercent:5.03} {ShoeModel:GRELIDIEN SalesPercent:5.01} {ShoeModel:MCTYRE SalesPercent:5.12} {ShoeModel:MIRIRA SalesPercent:5.05} {ShoeModel:RASIEN SalesPercent:4.96} {ShoeModel:SCHOOLER SalesPercent:4.9} {ShoeModel:SEVIDE SalesPercent:5.36} {ShoeModel:SODANO SalesPercent:4.76} {ShoeModel:VENDOGNUS SalesPercent:5.08} {ShoeModel:WUMA SalesPercent:4.87}]
debug 2024/07/24 13:32:22 
Connection refused, retrying in 5 seconds...
debug 2024/07/24 13:32:24 
Connection refused, retrying in 5 seconds...
debug 2024/07/24 13:32:27 
Connection refused, retrying in 5 seconds...
debug 2024/07/24 13:32:29 
Connection refused, retrying in 5 seconds...
debug 2024/07/24 13:32:32 
Connection refused, retrying in 5 seconds...
debug 2024/07/24 13:32:34 
Connection refused, retrying in 5 seconds...
debug 2024/07/24 13:32:37 
Connection refused, retrying in 5 seconds...
debug 2024/07/24 13:32:39 
Connection refused, retrying in 5 seconds...
debug 2024/07/24 13:32:42 
Connection refused, retrying in 5 seconds...
debug 2024/07/24 13:32:44 
Connection refused, retrying in 5 seconds...
debug 2024/07/24 13:32:47 
Connection refused, retrying in 5 seconds...
debug 2024/07/24 13:32:49 
Connection refused, retrying in 5 seconds...
debug 2024/07/24 13:32:52 
Connection refused, retrying in 5 seconds...
debug 2024/07/24 13:32:54 
Connection refused, retrying in 5 seconds...
debug 2024/07/24 13:32:57 
Connection refused, retrying in 5 seconds...
debug 2024/07/24 13:32:59 
Connection refused, retrying in 5 seconds...
debug 2024/07/24 13:33:02 
Connection refused, retrying in 5 seconds...
debug 2024/07/24 13:33:04 
Connection refused, retrying in 5 seconds...
debug 2024/07/24 13:33:07 
Connection refused, retrying in 5 seconds...
debug 2024/07/24 13:33:09 
Connection refused, retrying in 5 seconds...
debug 2024/07/24 13:33:12 
Connection refused, retrying in 5 seconds...
debug 2024/07/24 13:33:14 
Connection refused, retrying in 5 seconds...
debug 2024/07/24 13:33:17 
Connection refused, retrying in 5 seconds...
debug 2024/07/24 13:33:19 
Connection refused, retrying in 5 seconds...
debug 2024/07/24 13:33:22 
Connection refused, retrying in 5 seconds...
debug 2024/07/24 13:33:24 
Connection refused, retrying in 5 seconds...
debug 2024/07/24 13:33:27 
Connection refused, retrying in 5 seconds...
debug 2024/07/24 13:33:29 
Connection refused, retrying in 5 seconds...
debug 2024/07/24 13:33:32 
Connection refused, retrying in 5 seconds...
debug 2024/07/24 13:33:34 
Connection refused, retrying in 5 seconds...
debug 2024/07/24 13:33:37 
Connection refused, retrying in 5 seconds...
debug 2024/07/24 13:33:39 
Connection refused, retrying in 5 seconds...
debug 2024/07/24 13:33:42 
Connection refused, retrying in 5 seconds...
debug 2024/07/24 13:33:44 
Connection refused, retrying in 5 seconds...
debug 2024/07/24 13:33:47 
Connection refused, retrying in 5 seconds...
debug 2024/07/24 13:33:49 
Connection refused, retrying in 5 seconds...
debug 2024/07/24 13:33:52 
Connection refused, retrying in 5 seconds...
debug 2024/07/24 13:33:54 
Connection refused, retrying in 5 seconds...
debug 2024/07/24 13:33:57 
Connection refused, retrying in 5 seconds...
debug 2024/07/24 13:33:59 
Connection refused, retrying in 5 seconds...
debug 2024/07/24 13:34:02 
Connection refused, retrying in 5 seconds...
debug 2024/07/24 13:34:04 
Connection refused, retrying in 5 seconds...
debug 2024/07/24 13:34:07 
Connection refused, retrying in 5 seconds...
debug 2024/07/24 13:34:09 
Connection refused, retrying in 5 seconds...
debug 2024/07/24 13:34:12 
Connection refused, retrying in 5 seconds...
debug 2024/07/24 13:34:14 
Connection refused, retrying in 5 seconds...
debug 2024/07/24 13:34:17 
Connection refused, retrying in 5 seconds...
debug 2024/07/24 13:34:19 
Connection refused, retrying in 5 seconds...
debug 2024/07/24 13:34:22 
Connection refused, retrying in 5 seconds...
debug 2024/07/24 13:34:24 
Connection refused, retrying in 5 seconds...
debug 2024/07/24 13:34:27 
Connection refused, retrying in 5 seconds...
debug 2024/07/24 13:34:29 
Connection refused, retrying in 5 seconds...
debug 2024/07/24 13:34:32 
Connection refused, retrying in 5 seconds...
debug 2024/07/24 13:34:34 
Connection refused, retrying in 5 seconds...
debug 2024/07/24 13:34:37 
Connection refused, retrying in 5 seconds...
debug 2024/07/24 13:34:39 
Connection refused, retrying in 5 seconds...
debug 2024/07/24 13:34:42 
Connection refused, retrying in 5 seconds...
debug 2024/07/24 13:34:44 
Connection refused, retrying in 5 seconds...
debug 2024/07/24 13:34:47 
Connection refused, retrying in 5 seconds...
debug 2024/07/24 13:34:49 
Connection refused, retrying in 5 seconds...
debug 2024/07/24 13:34:52 
Connection refused, retrying in 5 seconds...
debug 2024/07/24 13:34:54 
Connection refused, retrying in 5 seconds...
debug 2024/07/24 13:34:57 
Connection refused, retrying in 5 seconds...
debug 2024/07/24 13:34:59 
Connection refused, retrying in 5 seconds...
debug 2024/07/24 13:35:02 
Connection refused, retrying in 5 seconds...
debug 2024/07/24 13:35:04 
Connection refused, retrying in 5 seconds...
debug 2024/07/24 13:35:07 
Connection refused, retrying in 5 seconds...
debug 2024/07/24 13:35:09 
Connection refused, retrying in 5 seconds...
debug 2024/07/24 13:35:12 
Connection refused, retrying in 5 seconds...
debug 2024/07/24 13:35:14 
Connection refused, retrying in 5 seconds...
debug 2024/07/24 13:35:17 
Connection refused, retrying in 5 seconds...
debug 2024/07/24 13:35:19 
Connection refused, retrying in 5 seconds...
debug 2024/07/24 13:35:22 
Connection refused, retrying in 5 seconds...
debug 2024/07/24 13:35:24 
Connection refused, retrying in 5 seconds...
debug 2024/07/24 13:35:27 
Connection refused, retrying in 5 seconds...
debug 2024/07/24 13:35:29 
Connection refused, retrying in 5 seconds...
debug 2024/07/24 13:35:32 
Connection refused, retrying in 5 seconds...
debug 2024/07/24 13:35:34 
Connection refused, retrying in 5 seconds...
debug 2024/07/24 13:38:13 body: [{"model":"ABOEN","sales_percent":5.06},{"model":"ADERI","sales_percent":4.91},{"model":"ALALIWEN","sales_percent":5.07},{"model":"BEODA","sales_percent":4.94},{"model":"BOZZA","sales_percent":5.12},{"model":"BUTAUD","sales_percent":5.1},{"model":"CADAUDIA","sales_percent":5.18},{"model":"CADEVEN","sales_percent":4.97},{"model":"CAELAN","sales_percent":4.75},{"model":"ELOILLAN","sales_percent":4.78},{"model":"GREG","sales_percent":5.03},{"model":"GRELIDIEN","sales_percent":5.01},{"model":"MCTYRE","sales_percent":5.13},{"model":"MIRIRA","sales_percent":5.06},{"model":"RASIEN","sales_percent":4.95},{"model":"SCHOOLER","sales_percent":4.89},{"model":"SEVIDE","sales_percent":5.36},{"model":"SODANO","sales_percent":4.75},{"model":"VENDOGNUS","sales_percent":5.07},{"model":"WUMA","sales_percent":4.87}]
debug 2024/07/24 13:38:13 shoeModelSales: [{ShoeModel:ABOEN SalesPercent:5.06} {ShoeModel:ADERI SalesPercent:4.91} {ShoeModel:ALALIWEN SalesPercent:5.07} {ShoeModel:BEODA SalesPercent:4.94} {ShoeModel:BOZZA SalesPercent:5.12} {ShoeModel:BUTAUD SalesPercent:5.1} {ShoeModel:CADAUDIA SalesPercent:5.18} {ShoeModel:CADEVEN SalesPercent:4.97} {ShoeModel:CAELAN SalesPercent:4.75} {ShoeModel:ELOILLAN SalesPercent:4.78} {ShoeModel:GREG SalesPercent:5.03} {ShoeModel:GRELIDIEN SalesPercent:5.01} {ShoeModel:MCTYRE SalesPercent:5.13} {ShoeModel:MIRIRA SalesPercent:5.06} {ShoeModel:RASIEN SalesPercent:4.95} {ShoeModel:SCHOOLER SalesPercent:4.89} {ShoeModel:SEVIDE SalesPercent:5.36} {ShoeModel:SODANO SalesPercent:4.75} {ShoeModel:VENDOGNUS SalesPercent:5.07} {ShoeModel:WUMA SalesPercent:4.87}]
debug 2024/07/24 13:38:15 body: [{"model":"ABOEN","sales_percent":5.07},{"model":"ADERI","sales_percent":4.9},{"model":"ALALIWEN","sales_percent":5.07},{"model":"BEODA","sales_percent":4.94},{"model":"BOZZA","sales_percent":5.12},{"model":"BUTAUD","sales_percent":5.1},{"model":"CADAUDIA","sales_percent":5.18},{"model":"CADEVEN","sales_percent":4.97},{"model":"CAELAN","sales_percent":4.75},{"model":"ELOILLAN","sales_percent":4.78},{"model":"GREG","sales_percent":5.03},{"model":"GRELIDIEN","sales_percent":5.01},{"model":"MCTYRE","sales_percent":5.13},{"model":"MIRIRA","sales_percent":5.06},{"model":"RASIEN","sales_percent":4.95},{"model":"SCHOOLER","sales_percent":4.9},{"model":"SEVIDE","sales_percent":5.36},{"model":"SODANO","sales_percent":4.75},{"model":"VENDOGNUS","sales_percent":5.07},{"model":"WUMA","sales_percent":4.87}]
debug 2024/07/24 13:38:15 shoeModelSales: [{ShoeModel:ABOEN SalesPercent:5.07} {ShoeModel:ADERI SalesPercent:4.9} {ShoeModel:ALALIWEN SalesPercent:5.07} {ShoeModel:BEODA SalesPercent:4.94} {ShoeModel:BOZZA SalesPercent:5.12} {ShoeModel:BUTAUD SalesPercent:5.1} {ShoeModel:CADAUDIA SalesPercent:5.18} {ShoeModel:CADEVEN SalesPercent:4.97} {ShoeModel:CAELAN SalesPercent:4.75} {ShoeModel:ELOILLAN SalesPercent:4.78} {ShoeModel:GREG SalesPercent:5.03} {ShoeModel:GRELIDIEN SalesPercent:5.01} {ShoeModel:MCTYRE SalesPercent:5.13} {ShoeModel:MIRIRA SalesPercent:5.06} {ShoeModel:RASIEN SalesPercent:4.95} {ShoeModel:SCHOOLER SalesPercent:4.9} {ShoeModel:SEVIDE SalesPercent:5.36} {ShoeModel:SODANO SalesPercent:4.75} {ShoeModel:VENDOGNUS SalesPercent:5.07} {ShoeModel:WUMA SalesPercent:4.87}]
debug 2024/07/24 13:38:15 body: [{"model":"ABOEN","sales_percent":5.06},{"model":"ADERI","sales_percent":4.9},{"model":"ALALIWEN","sales_percent":5.07},{"model":"BEODA","sales_percent":4.94},{"model":"BOZZA","sales_percent":5.12},{"model":"BUTAUD","sales_percent":5.1},{"model":"CADAUDIA","sales_percent":5.18},{"model":"CADEVEN","sales_percent":4.97},{"model":"CAELAN","sales_percent":4.75},{"model":"ELOILLAN","sales_percent":4.78},{"model":"GREG","sales_percent":5.04},{"model":"GRELIDIEN","sales_percent":5.01},{"model":"MCTYRE","sales_percent":5.13},{"model":"MIRIRA","sales_percent":5.06},{"model":"RASIEN","sales_percent":4.95},{"model":"SCHOOLER","sales_percent":4.89},{"model":"SEVIDE","sales_percent":5.36},{"model":"SODANO","sales_percent":4.76},{"model":"VENDOGNUS","sales_percent":5.07},{"model":"WUMA","sales_percent":4.87}]
debug 2024/07/24 13:38:15 shoeModelSales: [{ShoeModel:ABOEN SalesPercent:5.06} {ShoeModel:ADERI SalesPercent:4.9} {ShoeModel:ALALIWEN SalesPercent:5.07} {ShoeModel:BEODA SalesPercent:4.94} {ShoeModel:BOZZA SalesPercent:5.12} {ShoeModel:BUTAUD SalesPercent:5.1} {ShoeModel:CADAUDIA SalesPercent:5.18} {ShoeModel:CADEVEN SalesPercent:4.97} {ShoeModel:CAELAN SalesPercent:4.75} {ShoeModel:ELOILLAN SalesPercent:4.78} {ShoeModel:GREG SalesPercent:5.04} {ShoeModel:GRELIDIEN SalesPercent:5.01} {ShoeModel:MCTYRE SalesPercent:5.13} {ShoeModel:MIRIRA SalesPercent:5.06} {ShoeModel:RASIEN SalesPercent:4.95} {ShoeModel:SCHOOLER SalesPercent:4.89} {ShoeModel:SEVIDE SalesPercent:5.36} {ShoeModel:SODANO SalesPercent:4.76} {ShoeModel:VENDOGNUS SalesPercent:5.07} {ShoeModel:WUMA SalesPercent:4.87}]
debug 2024/07/24 13:40:35 body: [{"model":"ABOEN","sales_percent":5.07},{"model":"ADERI","sales_percent":4.9},{"model":"ALALIWEN","sales_percent":5.06},{"model":"BEODA","sales_percent":4.95},{"model":"BOZZA","sales_percent":5.12},{"model":"BUTAUD","sales_percent":5.09},{"model":"CADAUDIA","sales_percent":5.18},{"model":"CADEVEN","sales_percent":4.97},{"model":"CAELAN","sales_percent":4.75},{"model":"ELOILLAN","sales_percent":4.78},{"model":"GREG","sales_percent":5.04},{"model":"GRELIDIEN","sales_percent":5.01},{"model":"MCTYRE","sales_percent":5.12},{"model":"MIRIRA","sales_percent":5.05},{"model":"RASIEN","sales_percent":4.95},{"model":"SCHOOLER","sales_percent":4.9},{"model":"SEVIDE","sales_percent":5.36},{"model":"SODANO","sales_percent":4.76},{"model":"VENDOGNUS","sales_percent":5.07},{"model":"WUMA","sales_percent":4.87}]
debug 2024/07/24 13:40:35 shoeModelSales: [{ShoeModel:ABOEN SalesPercent:5.07} {ShoeModel:ADERI SalesPercent:4.9} {ShoeModel:ALALIWEN SalesPercent:5.06} {ShoeModel:BEODA SalesPercent:4.95} {ShoeModel:BOZZA SalesPercent:5.12} {ShoeModel:BUTAUD SalesPercent:5.09} {ShoeModel:CADAUDIA SalesPercent:5.18} {ShoeModel:CADEVEN SalesPercent:4.97} {ShoeModel:CAELAN SalesPercent:4.75} {ShoeModel:ELOILLAN SalesPercent:4.78} {ShoeModel:GREG SalesPercent:5.04} {ShoeModel:GRELIDIEN SalesPercent:5.01} {ShoeModel:MCTYRE SalesPercent:5.12} {ShoeModel:MIRIRA SalesPercent:5.05} {ShoeModel:RASIEN SalesPercent:4.95} {ShoeModel:SCHOOLER SalesPercent:4.9} {ShoeModel:SEVIDE SalesPercent:5.36} {ShoeModel:SODANO SalesPercent:4.76} {ShoeModel:VENDOGNUS SalesPercent:5.07} {ShoeModel:WUMA SalesPercent:4.87}]
debug 2024/07/24 13:40:37 body: [{"model":"ABOEN","sales_percent":5.07},{"model":"ADERI","sales_percent":4.9},{"model":"ALALIWEN","sales_percent":5.06},{"model":"BEODA","sales_percent":4.95},{"model":"BOZZA","sales_percent":5.12},{"model":"BUTAUD","sales_percent":5.09},{"model":"CADAUDIA","sales_percent":5.18},{"model":"CADEVEN","sales_percent":4.97},{"model":"CAELAN","sales_percent":4.75},{"model":"ELOILLAN","sales_percent":4.78},{"model":"GREG","sales_percent":5.04},{"model":"GRELIDIEN","sales_percent":5.01},{"model":"MCTYRE","sales_percent":5.12},{"model":"MIRIRA","sales_percent":5.05},{"model":"RASIEN","sales_percent":4.95},{"model":"SCHOOLER","sales_percent":4.9},{"model":"SEVIDE","sales_percent":5.36},{"model":"SODANO","sales_percent":4.76},{"model":"VENDOGNUS","sales_percent":5.07},{"model":"WUMA","sales_percent":4.87}]
debug 2024/07/24 13:40:37 shoeModelSales: [{ShoeModel:ABOEN SalesPercent:5.07} {ShoeModel:ADERI SalesPercent:4.9} {ShoeModel:ALALIWEN SalesPercent:5.06} {ShoeModel:BEODA SalesPercent:4.95} {ShoeModel:BOZZA SalesPercent:5.12} {ShoeModel:BUTAUD SalesPercent:5.09} {ShoeModel:CADAUDIA SalesPercent:5.18} {ShoeModel:CADEVEN SalesPercent:4.97} {ShoeModel:CAELAN SalesPercent:4.75} {ShoeModel:ELOILLAN SalesPercent:4.78} {ShoeModel:GREG SalesPercent:5.04} {ShoeModel:GRELIDIEN SalesPercent:5.01} {ShoeModel:MCTYRE SalesPercent:5.12} {ShoeModel:MIRIRA SalesPercent:5.05} {ShoeModel:RASIEN SalesPercent:4.95} {ShoeModel:SCHOOLER SalesPercent:4.9} {ShoeModel:SEVIDE SalesPercent:5.36} {ShoeModel:SODANO SalesPercent:4.76} {ShoeModel:VENDOGNUS SalesPercent:5.07} {ShoeModel:WUMA SalesPercent:4.87}]
debug 2024/07/24 13:40:37 body: [{"model":"ABOEN","sales_percent":5.07},{"model":"ADERI","sales_percent":4.9},{"model":"ALALIWEN","sales_percent":5.06},{"model":"BEODA","sales_percent":4.95},{"model":"BOZZA","sales_percent":5.11},{"model":"BUTAUD","sales_percent":5.1},{"model":"CADAUDIA","sales_percent":5.18},{"model":"CADEVEN","sales_percent":4.97},{"model":"CAELAN","sales_percent":4.75},{"model":"ELOILLAN","sales_percent":4.78},{"model":"GREG","sales_percent":5.04},{"model":"GRELIDIEN","sales_percent":5.01},{"model":"MCTYRE","sales_percent":5.12},{"model":"MIRIRA","sales_percent":5.05},{"model":"RASIEN","sales_percent":4.95},{"model":"SCHOOLER","sales_percent":4.9},{"model":"SEVIDE","sales_percent":5.36},{"model":"SODANO","sales_percent":4.76},{"model":"VENDOGNUS","sales_percent":5.07},{"model":"WUMA","sales_percent":4.87}]
debug 2024/07/24 13:40:37 shoeModelSales: [{ShoeModel:ABOEN SalesPercent:5.07} {ShoeModel:ADERI SalesPercent:4.9} {ShoeModel:ALALIWEN SalesPercent:5.06} {ShoeModel:BEODA SalesPercent:4.95} {ShoeModel:BOZZA SalesPercent:5.11} {ShoeModel:BUTAUD SalesPercent:5.1} {ShoeModel:CADAUDIA SalesPercent:5.18} {ShoeModel:CADEVEN SalesPercent:4.97} {ShoeModel:CAELAN SalesPercent:4.75} {ShoeModel:ELOILLAN SalesPercent:4.78} {ShoeModel:GREG SalesPercent:5.04} {ShoeModel:GRELIDIEN SalesPercent:5.01} {ShoeModel:MCTYRE SalesPercent:5.12} {ShoeModel:MIRIRA SalesPercent:5.05} {ShoeModel:RASIEN SalesPercent:4.95} {ShoeModel:SCHOOLER SalesPercent:4.9} {ShoeModel:SEVIDE SalesPercent:5.36} {ShoeModel:SODANO SalesPercent:4.76} {ShoeModel:VENDOGNUS SalesPercent:5.07} {ShoeModel:WUMA SalesPercent:4.87}]
debug 2024/07/24 13:40:39 body: [{"model":"ABOEN","sales_percent":5.07},{"model":"ADERI","sales_percent":4.9},{"model":"ALALIWEN","sales_percent":5.07},{"model":"BEODA","sales_percent":4.94},{"model":"BOZZA","sales_percent":5.11},{"model":"BUTAUD","sales_percent":5.1},{"model":"CADAUDIA","sales_percent":5.18},{"model":"CADEVEN","sales_percent":4.97},{"model":"CAELAN","sales_percent":4.75},{"model":"ELOILLAN","sales_percent":4.78},{"model":"GREG","sales_percent":5.04},{"model":"GRELIDIEN","sales_percent":5.01},{"model":"MCTYRE","sales_percent":5.12},{"model":"MIRIRA","sales_percent":5.06},{"model":"RASIEN","sales_percent":4.94},{"model":"SCHOOLER","sales_percent":4.9},{"model":"SEVIDE","sales_percent":5.36},{"model":"SODANO","sales_percent":4.76},{"model":"VENDOGNUS","sales_percent":5.07},{"model":"WUMA","sales_percent":4.87}]
debug 2024/07/24 13:40:39 shoeModelSales: [{ShoeModel:ABOEN SalesPercent:5.07} {ShoeModel:ADERI SalesPercent:4.9} {ShoeModel:ALALIWEN SalesPercent:5.07} {ShoeModel:BEODA SalesPercent:4.94} {ShoeModel:BOZZA SalesPercent:5.11} {ShoeModel:BUTAUD SalesPercent:5.1} {ShoeModel:CADAUDIA SalesPercent:5.18} {ShoeModel:CADEVEN SalesPercent:4.97} {ShoeModel:CAELAN SalesPercent:4.75} {ShoeModel:ELOILLAN SalesPercent:4.78} {ShoeModel:GREG SalesPercent:5.04} {ShoeModel:GRELIDIEN SalesPercent:5.01} {ShoeModel:MCTYRE SalesPercent:5.12} {ShoeModel:MIRIRA SalesPercent:5.06} {ShoeModel:RASIEN SalesPercent:4.94} {ShoeModel:SCHOOLER SalesPercent:4.9} {ShoeModel:SEVIDE SalesPercent:5.36} {ShoeModel:SODANO SalesPercent:4.76} {ShoeModel:VENDOGNUS SalesPercent:5.07} {ShoeModel:WUMA SalesPercent:4.87}]
debug 2024/07/24 13:40:39 body: [{"model":"ABOEN","sales_percent":5.07},{"model":"ADERI","sales_percent":4.9},{"model":"ALALIWEN","sales_percent":5.07},{"model":"BEODA","sales_percent":4.94},{"model":"BOZZA","sales_percent":5.11},{"model":"BUTAUD","sales_percent":5.1},{"model":"CADAUDIA","sales_percent":5.18},{"model":"CADEVEN","sales_percent":4.97},{"model":"CAELAN","sales_percent":4.75},{"model":"ELOILLAN","sales_percent":4.78},{"model":"GREG","sales_percent":5.04},{"model":"GRELIDIEN","sales_percent":5.01},{"model":"MCTYRE","sales_percent":5.12},{"model":"MIRIRA","sales_percent":5.06},{"model":"RASIEN","sales_percent":4.94},{"model":"SCHOOLER","sales_percent":4.9},{"model":"SEVIDE","sales_percent":5.36},{"model":"SODANO","sales_percent":4.76},{"model":"VENDOGNUS","sales_percent":5.07},{"model":"WUMA","sales_percent":4.87}]
debug 2024/07/24 13:40:39 shoeModelSales: [{ShoeModel:ABOEN SalesPercent:5.07} {ShoeModel:ADERI SalesPercent:4.9} {ShoeModel:ALALIWEN SalesPercent:5.07} {ShoeModel:BEODA SalesPercent:4.94} {ShoeModel:BOZZA SalesPercent:5.11} {ShoeModel:BUTAUD SalesPercent:5.1} {ShoeModel:CADAUDIA SalesPercent:5.18} {ShoeModel:CADEVEN SalesPercent:4.97} {ShoeModel:CAELAN SalesPercent:4.75} {ShoeModel:ELOILLAN SalesPercent:4.78} {ShoeModel:GREG SalesPercent:5.04} {ShoeModel:GRELIDIEN SalesPercent:5.01} {ShoeModel:MCTYRE SalesPercent:5.12} {ShoeModel:MIRIRA SalesPercent:5.06} {ShoeModel:RASIEN SalesPercent:4.94} {ShoeModel:SCHOOLER SalesPercent:4.9} {ShoeModel:SEVIDE SalesPercent:5.36} {ShoeModel:SODANO SalesPercent:4.76} {ShoeModel:VENDOGNUS SalesPercent:5.07} {ShoeModel:WUMA SalesPercent:4.87}]
debug 2024/07/24 13:41:55 body: [{"model":"ABOEN","sales_percent":5.07},{"model":"ADERI","sales_percent":4.9},{"model":"ALALIWEN","sales_percent":5.07},{"model":"BEODA","sales_percent":4.94},{"model":"BOZZA","sales_percent":5.11},{"model":"BUTAUD","sales_percent":5.1},{"model":"CADAUDIA","sales_percent":5.18},{"model":"CADEVEN","sales_percent":4.97},{"model":"CAELAN","sales_percent":4.75},{"model":"ELOILLAN","sales_percent":4.78},{"model":"GREG","sales_percent":5.05},{"model":"GRELIDIEN","sales_percent":5.01},{"model":"MCTYRE","sales_percent":5.13},{"model":"MIRIRA","sales_percent":5.06},{"model":"RASIEN","sales_percent":4.94},{"model":"SCHOOLER","sales_percent":4.9},{"model":"SEVIDE","sales_percent":5.36},{"model":"SODANO","sales_percent":4.76},{"model":"VENDOGNUS","sales_percent":5.07},{"model":"WUMA","sales_percent":4.87}]
debug 2024/07/24 13:41:55 shoeModelSales: [{ShoeModel:ABOEN SalesPercent:5.07} {ShoeModel:ADERI SalesPercent:4.9} {ShoeModel:ALALIWEN SalesPercent:5.07} {ShoeModel:BEODA SalesPercent:4.94} {ShoeModel:BOZZA SalesPercent:5.11} {ShoeModel:BUTAUD SalesPercent:5.1} {ShoeModel:CADAUDIA SalesPercent:5.18} {ShoeModel:CADEVEN SalesPercent:4.97} {ShoeModel:CAELAN SalesPercent:4.75} {ShoeModel:ELOILLAN SalesPercent:4.78} {ShoeModel:GREG SalesPercent:5.05} {ShoeModel:GRELIDIEN SalesPercent:5.01} {ShoeModel:MCTYRE SalesPercent:5.13} {ShoeModel:MIRIRA SalesPercent:5.06} {ShoeModel:RASIEN SalesPercent:4.94} {ShoeModel:SCHOOLER SalesPercent:4.9} {ShoeModel:SEVIDE SalesPercent:5.36} {ShoeModel:SODANO SalesPercent:4.76} {ShoeModel:VENDOGNUS SalesPercent:5.07} {ShoeModel:WUMA SalesPercent:4.87}]
debug 2024/07/24 13:41:55 body: [{"model":"ABOEN","sales_percent":5.07},{"model":"ADERI","sales_percent":4.9},{"model":"ALALIWEN","sales_percent":5.07},{"model":"BEODA","sales_percent":4.94},{"model":"BOZZA","sales_percent":5.11},{"model":"BUTAUD","sales_percent":5.1},{"model":"CADAUDIA","sales_percent":5.18},{"model":"CADEVEN","sales_percent":4.97},{"model":"CAELAN","sales_percent":4.75},{"model":"ELOILLAN","sales_percent":4.78},{"model":"GREG","sales_percent":5.05},{"model":"GRELIDIEN","sales_percent":5.01},{"model":"MCTYRE","sales_percent":5.13},{"model":"MIRIRA","sales_percent":5.06},{"model":"RASIEN","sales_percent":4.94},{"model":"SCHOOLER","sales_percent":4.9},{"model":"SEVIDE","sales_percent":5.36},{"model":"SODANO","sales_percent":4.76},{"model":"VENDOGNUS","sales_percent":5.07},{"model":"WUMA","sales_percent":4.87}]
debug 2024/07/24 13:41:55 shoeModelSales: [{ShoeModel:ABOEN SalesPercent:5.07} {ShoeModel:ADERI SalesPercent:4.9} {ShoeModel:ALALIWEN SalesPercent:5.07} {ShoeModel:BEODA SalesPercent:4.94} {ShoeModel:BOZZA SalesPercent:5.11} {ShoeModel:BUTAUD SalesPercent:5.1} {ShoeModel:CADAUDIA SalesPercent:5.18} {ShoeModel:CADEVEN SalesPercent:4.97} {ShoeModel:CAELAN SalesPercent:4.75} {ShoeModel:ELOILLAN SalesPercent:4.78} {ShoeModel:GREG SalesPercent:5.05} {ShoeModel:GRELIDIEN SalesPercent:5.01} {ShoeModel:MCTYRE SalesPercent:5.13} {ShoeModel:MIRIRA SalesPercent:5.06} {ShoeModel:RASIEN SalesPercent:4.94} {ShoeModel:SCHOOLER SalesPercent:4.9} {ShoeModel:SEVIDE SalesPercent:5.36} {ShoeModel:SODANO SalesPercent:4.76} {ShoeModel:VENDOGNUS SalesPercent:5.07} {ShoeModel:WUMA SalesPercent:4.87}]
debug 2024/07/24 13:41:57 body: [{"model":"ABOEN","sales_percent":5.07},{"model":"ADERI","sales_percent":4.9},{"model":"ALALIWEN","sales_percent":5.07},{"model":"BEODA","sales_percent":4.94},{"model":"BOZZA","sales_percent":5.12},{"model":"BUTAUD","sales_percent":5.1},{"model":"CADAUDIA","sales_percent":5.18},{"model":"CADEVEN","sales_percent":4.97},{"model":"CAELAN","sales_percent":4.74},{"model":"ELOILLAN","sales_percent":4.78},{"model":"GREG","sales_percent":5.05},{"model":"GRELIDIEN","sales_percent":5.01},{"model":"MCTYRE","sales_percent":5.13},{"model":"MIRIRA","sales_percent":5.06},{"model":"RASIEN","sales_percent":4.94},{"model":"SCHOOLER","sales_percent":4.9},{"model":"SEVIDE","sales_percent":5.36},{"model":"SODANO","sales_percent":4.76},{"model":"VENDOGNUS","sales_percent":5.07},{"model":"WUMA","sales_percent":4.87}]
debug 2024/07/24 13:41:57 shoeModelSales: [{ShoeModel:ABOEN SalesPercent:5.07} {ShoeModel:ADERI SalesPercent:4.9} {ShoeModel:ALALIWEN SalesPercent:5.07} {ShoeModel:BEODA SalesPercent:4.94} {ShoeModel:BOZZA SalesPercent:5.12} {ShoeModel:BUTAUD SalesPercent:5.1} {ShoeModel:CADAUDIA SalesPercent:5.18} {ShoeModel:CADEVEN SalesPercent:4.97} {ShoeModel:CAELAN SalesPercent:4.74} {ShoeModel:ELOILLAN SalesPercent:4.78} {ShoeModel:GREG SalesPercent:5.05} {ShoeModel:GRELIDIEN SalesPercent:5.01} {ShoeModel:MCTYRE SalesPercent:5.13} {ShoeModel:MIRIRA SalesPercent:5.06} {ShoeModel:RASIEN SalesPercent:4.94} {ShoeModel:SCHOOLER SalesPercent:4.9} {ShoeModel:SEVIDE SalesPercent:5.36} {ShoeModel:SODANO SalesPercent:4.76} {ShoeModel:VENDOGNUS SalesPercent:5.07} {ShoeModel:WUMA SalesPercent:4.87}]
debug 2024/07/24 13:41:57 body: [{"model":"ABOEN","sales_percent":5.07},{"model":"ADERI","sales_percent":4.9},{"model":"ALALIWEN","sales_percent":5.07},{"model":"BEODA","sales_percent":4.94},{"model":"BOZZA","sales_percent":5.12},{"model":"BUTAUD","sales_percent":5.1},{"model":"CADAUDIA","sales_percent":5.18},{"model":"CADEVEN","sales_percent":4.97},{"model":"CAELAN","sales_percent":4.74},{"model":"ELOILLAN","sales_percent":4.78},{"model":"GREG","sales_percent":5.05},{"model":"GRELIDIEN","sales_percent":5.01},{"model":"MCTYRE","sales_percent":5.13},{"model":"MIRIRA","sales_percent":5.06},{"model":"RASIEN","sales_percent":4.94},{"model":"SCHOOLER","sales_percent":4.9},{"model":"SEVIDE","sales_percent":5.36},{"model":"SODANO","sales_percent":4.76},{"model":"VENDOGNUS","sales_percent":5.07},{"model":"WUMA","sales_percent":4.87}]
debug 2024/07/24 13:41:57 shoeModelSales: [{ShoeModel:ABOEN SalesPercent:5.07} {ShoeModel:ADERI SalesPercent:4.9} {ShoeModel:ALALIWEN SalesPercent:5.07} {ShoeModel:BEODA SalesPercent:4.94} {ShoeModel:BOZZA SalesPercent:5.12} {ShoeModel:BUTAUD SalesPercent:5.1} {ShoeModel:CADAUDIA SalesPercent:5.18} {ShoeModel:CADEVEN SalesPercent:4.97} {ShoeModel:CAELAN SalesPercent:4.74} {ShoeModel:ELOILLAN SalesPercent:4.78} {ShoeModel:GREG SalesPercent:5.05} {ShoeModel:GRELIDIEN SalesPercent:5.01} {ShoeModel:MCTYRE SalesPercent:5.13} {ShoeModel:MIRIRA SalesPercent:5.06} {ShoeModel:RASIEN SalesPercent:4.94} {ShoeModel:SCHOOLER SalesPercent:4.9} {ShoeModel:SEVIDE SalesPercent:5.36} {ShoeModel:SODANO SalesPercent:4.76} {ShoeModel:VENDOGNUS SalesPercent:5.07} {ShoeModel:WUMA SalesPercent:4.87}]
debug 2024/07/24 13:41:59 body: [{"model":"ABOEN","sales_percent":5.06},{"model":"ADERI","sales_percent":4.9},{"model":"ALALIWEN","sales_percent":5.07},{"model":"BEODA","sales_percent":4.95},{"model":"BOZZA","sales_percent":5.12},{"model":"BUTAUD","sales_percent":5.1},{"model":"CADAUDIA","sales_percent":5.18},{"model":"CADEVEN","sales_percent":4.97},{"model":"CAELAN","sales_percent":4.74},{"model":"ELOILLAN","sales_percent":4.78},{"model":"GREG","sales_percent":5.04},{"model":"GRELIDIEN","sales_percent":5.01},{"model":"MCTYRE","sales_percent":5.13},{"model":"MIRIRA","sales_percent":5.06},{"model":"RASIEN","sales_percent":4.94},{"model":"SCHOOLER","sales_percent":4.9},{"model":"SEVIDE","sales_percent":5.36},{"model":"SODANO","sales_percent":4.76},{"model":"VENDOGNUS","sales_percent":5.07},{"model":"WUMA","sales_percent":4.87}]
debug 2024/07/24 13:41:59 shoeModelSales: [{ShoeModel:ABOEN SalesPercent:5.06} {ShoeModel:ADERI SalesPercent:4.9} {ShoeModel:ALALIWEN SalesPercent:5.07} {ShoeModel:BEODA SalesPercent:4.95} {ShoeModel:BOZZA SalesPercent:5.12} {ShoeModel:BUTAUD SalesPercent:5.1} {ShoeModel:CADAUDIA SalesPercent:5.18} {ShoeModel:CADEVEN SalesPercent:4.97} {ShoeModel:CAELAN SalesPercent:4.74} {ShoeModel:ELOILLAN SalesPercent:4.78} {ShoeModel:GREG SalesPercent:5.04} {ShoeModel:GRELIDIEN SalesPercent:5.01} {ShoeModel:MCTYRE SalesPercent:5.13} {ShoeModel:MIRIRA SalesPercent:5.06} {ShoeModel:RASIEN SalesPercent:4.94} {ShoeModel:SCHOOLER SalesPercent:4.9} {ShoeModel:SEVIDE SalesPercent:5.36} {ShoeModel:SODANO SalesPercent:4.76} {ShoeModel:VENDOGNUS SalesPercent:5.07} {ShoeModel:WUMA SalesPercent:4.87}]
debug 2024/07/24 13:41:59 body: [{"model":"ABOEN","sales_percent":5.06},{"model":"ADERI","sales_percent":4.9},{"model":"ALALIWEN","sales_percent":5.07},{"model":"BEODA","sales_percent":4.95},{"model":"BOZZA","sales_percent":5.12},{"model":"BUTAUD","sales_percent":5.1},{"model":"CADAUDIA","sales_percent":5.18},{"model":"CADEVEN","sales_percent":4.97},{"model":"CAELAN","sales_percent":4.74},{"model":"ELOILLAN","sales_percent":4.78},{"model":"GREG","sales_percent":5.04},{"model":"GRELIDIEN","sales_percent":5.01},{"model":"MCTYRE","sales_percent":5.13},{"model":"MIRIRA","sales_percent":5.06},{"model":"RASIEN","sales_percent":4.94},{"model":"SCHOOLER","sales_percent":4.9},{"model":"SEVIDE","sales_percent":5.36},{"model":"SODANO","sales_percent":4.76},{"model":"VENDOGNUS","sales_percent":5.07},{"model":"WUMA","sales_percent":4.87}]
debug 2024/07/24 13:41:59 shoeModelSales: [{ShoeModel:ABOEN SalesPercent:5.06} {ShoeModel:ADERI SalesPercent:4.9} {ShoeModel:ALALIWEN SalesPercent:5.07} {ShoeModel:BEODA SalesPercent:4.95} {ShoeModel:BOZZA SalesPercent:5.12} {ShoeModel:BUTAUD SalesPercent:5.1} {ShoeModel:CADAUDIA SalesPercent:5.18} {ShoeModel:CADEVEN SalesPercent:4.97} {ShoeModel:CAELAN SalesPercent:4.74} {ShoeModel:ELOILLAN SalesPercent:4.78} {ShoeModel:GREG SalesPercent:5.04} {ShoeModel:GRELIDIEN SalesPercent:5.01} {ShoeModel:MCTYRE SalesPercent:5.13} {ShoeModel:MIRIRA SalesPercent:5.06} {ShoeModel:RASIEN SalesPercent:4.94} {ShoeModel:SCHOOLER SalesPercent:4.9} {ShoeModel:SEVIDE SalesPercent:5.36} {ShoeModel:SODANO SalesPercent:4.76} {ShoeModel:VENDOGNUS SalesPercent:5.07} {ShoeModel:WUMA SalesPercent:4.87}]
debug 2024/07/24 13:42:01 body: [{"model":"ABOEN","sales_percent":5.06},{"model":"ADERI","sales_percent":4.9},{"model":"ALALIWEN","sales_percent":5.07},{"model":"BEODA","sales_percent":4.95},{"model":"BOZZA","sales_percent":5.11},{"model":"BUTAUD","sales_percent":5.1},{"model":"CADAUDIA","sales_percent":5.18},{"model":"CADEVEN","sales_percent":4.97},{"model":"CAELAN","sales_percent":4.74},{"model":"ELOILLAN","sales_percent":4.78},{"model":"GREG","sales_percent":5.04},{"model":"GRELIDIEN","sales_percent":5.01},{"model":"MCTYRE","sales_percent":5.12},{"model":"MIRIRA","sales_percent":5.06},{"model":"RASIEN","sales_percent":4.94},{"model":"SCHOOLER","sales_percent":4.9},{"model":"SEVIDE","sales_percent":5.35},{"model":"SODANO","sales_percent":4.76},{"model":"VENDOGNUS","sales_percent":5.08},{"model":"WUMA","sales_percent":4.87}]
debug 2024/07/24 13:42:01 shoeModelSales: [{ShoeModel:ABOEN SalesPercent:5.06} {ShoeModel:ADERI SalesPercent:4.9} {ShoeModel:ALALIWEN SalesPercent:5.07} {ShoeModel:BEODA SalesPercent:4.95} {ShoeModel:BOZZA SalesPercent:5.11} {ShoeModel:BUTAUD SalesPercent:5.1} {ShoeModel:CADAUDIA SalesPercent:5.18} {ShoeModel:CADEVEN SalesPercent:4.97} {ShoeModel:CAELAN SalesPercent:4.74} {ShoeModel:ELOILLAN SalesPercent:4.78} {ShoeModel:GREG SalesPercent:5.04} {ShoeModel:GRELIDIEN SalesPercent:5.01} {ShoeModel:MCTYRE SalesPercent:5.12} {ShoeModel:MIRIRA SalesPercent:5.06} {ShoeModel:RASIEN SalesPercent:4.94} {ShoeModel:SCHOOLER SalesPercent:4.9} {ShoeModel:SEVIDE SalesPercent:5.35} {ShoeModel:SODANO SalesPercent:4.76} {ShoeModel:VENDOGNUS SalesPercent:5.08} {ShoeModel:WUMA SalesPercent:4.87}]
debug 2024/07/24 13:42:01 body: [{"model":"ABOEN","sales_percent":5.06},{"model":"ADERI","sales_percent":4.9},{"model":"ALALIWEN","sales_percent":5.07},{"model":"BEODA","sales_percent":4.95},{"model":"BOZZA","sales_percent":5.11},{"model":"BUTAUD","sales_percent":5.1},{"model":"CADAUDIA","sales_percent":5.18},{"model":"CADEVEN","sales_percent":4.97},{"model":"CAELAN","sales_percent":4.74},{"model":"ELOILLAN","sales_percent":4.78},{"model":"GREG","sales_percent":5.04},{"model":"GRELIDIEN","sales_percent":5.01},{"model":"MCTYRE","sales_percent":5.12},{"model":"MIRIRA","sales_percent":5.06},{"model":"RASIEN","sales_percent":4.94},{"model":"SCHOOLER","sales_percent":4.9},{"model":"SEVIDE","sales_percent":5.35},{"model":"SODANO","sales_percent":4.76},{"model":"VENDOGNUS","sales_percent":5.08},{"model":"WUMA","sales_percent":4.87}]
debug 2024/07/24 13:42:01 shoeModelSales: [{ShoeModel:ABOEN SalesPercent:5.06} {ShoeModel:ADERI SalesPercent:4.9} {ShoeModel:ALALIWEN SalesPercent:5.07} {ShoeModel:BEODA SalesPercent:4.95} {ShoeModel:BOZZA SalesPercent:5.11} {ShoeModel:BUTAUD SalesPercent:5.1} {ShoeModel:CADAUDIA SalesPercent:5.18} {ShoeModel:CADEVEN SalesPercent:4.97} {ShoeModel:CAELAN SalesPercent:4.74} {ShoeModel:ELOILLAN SalesPercent:4.78} {ShoeModel:GREG SalesPercent:5.04} {ShoeModel:GRELIDIEN SalesPercent:5.01} {ShoeModel:MCTYRE SalesPercent:5.12} {ShoeModel:MIRIRA SalesPercent:5.06} {ShoeModel:RASIEN SalesPercent:4.94} {ShoeModel:SCHOOLER SalesPercent:4.9} {ShoeModel:SEVIDE SalesPercent:5.35} {ShoeModel:SODANO SalesPercent:4.76} {ShoeModel:VENDOGNUS SalesPercent:5.08} {ShoeModel:WUMA SalesPercent:4.87}]
debug 2024/07/24 13:42:30 body: [{"model":"ABOEN","sales_percent":5.06},{"model":"ADERI","sales_percent":4.9},{"model":"ALALIWEN","sales_percent":5.07},{"model":"BEODA","sales_percent":4.95},{"model":"BOZZA","sales_percent":5.11},{"model":"BUTAUD","sales_percent":5.09},{"model":"CADAUDIA","sales_percent":5.18},{"model":"CADEVEN","sales_percent":4.97},{"model":"CAELAN","sales_percent":4.74},{"model":"ELOILLAN","sales_percent":4.77},{"model":"GREG","sales_percent":5.04},{"model":"GRELIDIEN","sales_percent":5.01},{"model":"MCTYRE","sales_percent":5.12},{"model":"MIRIRA","sales_percent":5.06},{"model":"RASIEN","sales_percent":4.94},{"model":"SCHOOLER","sales_percent":4.9},{"model":"SEVIDE","sales_percent":5.35},{"model":"SODANO","sales_percent":4.76},{"model":"VENDOGNUS","sales_percent":5.08},{"model":"WUMA","sales_percent":4.88}]
debug 2024/07/24 13:42:30 shoeModelSales: [{ShoeModel:ABOEN SalesPercent:5.06} {ShoeModel:ADERI SalesPercent:4.9} {ShoeModel:ALALIWEN SalesPercent:5.07} {ShoeModel:BEODA SalesPercent:4.95} {ShoeModel:BOZZA SalesPercent:5.11} {ShoeModel:BUTAUD SalesPercent:5.09} {ShoeModel:CADAUDIA SalesPercent:5.18} {ShoeModel:CADEVEN SalesPercent:4.97} {ShoeModel:CAELAN SalesPercent:4.74} {ShoeModel:ELOILLAN SalesPercent:4.77} {ShoeModel:GREG SalesPercent:5.04} {ShoeModel:GRELIDIEN SalesPercent:5.01} {ShoeModel:MCTYRE SalesPercent:5.12} {ShoeModel:MIRIRA SalesPercent:5.06} {ShoeModel:RASIEN SalesPercent:4.94} {ShoeModel:SCHOOLER SalesPercent:4.9} {ShoeModel:SEVIDE SalesPercent:5.35} {ShoeModel:SODANO SalesPercent:4.76} {ShoeModel:VENDOGNUS SalesPercent:5.08} {ShoeModel:WUMA SalesPercent:4.88}]
debug 2024/07/24 13:42:30 body: [{"model":"ABOEN","sales_percent":5.06},{"model":"ADERI","sales_percent":4.9},{"model":"ALALIWEN","sales_percent":5.07},{"model":"BEODA","sales_percent":4.95},{"model":"BOZZA","sales_percent":5.11},{"model":"BUTAUD","sales_percent":5.09},{"model":"CADAUDIA","sales_percent":5.18},{"model":"CADEVEN","sales_percent":4.97},{"model":"CAELAN","sales_percent":4.74},{"model":"ELOILLAN","sales_percent":4.77},{"model":"GREG","sales_percent":5.04},{"model":"GRELIDIEN","sales_percent":5.01},{"model":"MCTYRE","sales_percent":5.12},{"model":"MIRIRA","sales_percent":5.06},{"model":"RASIEN","sales_percent":4.94},{"model":"SCHOOLER","sales_percent":4.9},{"model":"SEVIDE","sales_percent":5.35},{"model":"SODANO","sales_percent":4.76},{"model":"VENDOGNUS","sales_percent":5.08},{"model":"WUMA","sales_percent":4.88}]
debug 2024/07/24 13:42:30 shoeModelSales: [{ShoeModel:ABOEN SalesPercent:5.06} {ShoeModel:ADERI SalesPercent:4.9} {ShoeModel:ALALIWEN SalesPercent:5.07} {ShoeModel:BEODA SalesPercent:4.95} {ShoeModel:BOZZA SalesPercent:5.11} {ShoeModel:BUTAUD SalesPercent:5.09} {ShoeModel:CADAUDIA SalesPercent:5.18} {ShoeModel:CADEVEN SalesPercent:4.97} {ShoeModel:CAELAN SalesPercent:4.74} {ShoeModel:ELOILLAN SalesPercent:4.77} {ShoeModel:GREG SalesPercent:5.04} {ShoeModel:GRELIDIEN SalesPercent:5.01} {ShoeModel:MCTYRE SalesPercent:5.12} {ShoeModel:MIRIRA SalesPercent:5.06} {ShoeModel:RASIEN SalesPercent:4.94} {ShoeModel:SCHOOLER SalesPercent:4.9} {ShoeModel:SEVIDE SalesPercent:5.35} {ShoeModel:SODANO SalesPercent:4.76} {ShoeModel:VENDOGNUS SalesPercent:5.08} {ShoeModel:WUMA SalesPercent:4.88}]
debug 2024/07/24 13:42:32 body: [{"model":"ABOEN","sales_percent":5.06},{"model":"ADERI","sales_percent":4.9},{"model":"ALALIWEN","sales_percent":5.07},{"model":"BEODA","sales_percent":4.95},{"model":"BOZZA","sales_percent":5.11},{"model":"BUTAUD","sales_percent":5.09},{"model":"CADAUDIA","sales_percent":5.18},{"model":"CADEVEN","sales_percent":4.97},{"model":"CAELAN","sales_percent":4.74},{"model":"ELOILLAN","sales_percent":4.77},{"model":"GREG","sales_percent":5.04},{"model":"GRELIDIEN","sales_percent":5.01},{"model":"MCTYRE","sales_percent":5.12},{"model":"MIRIRA","sales_percent":5.06},{"model":"RASIEN","sales_percent":4.94},{"model":"SCHOOLER","sales_percent":4.9},{"model":"SEVIDE","sales_percent":5.35},{"model":"SODANO","sales_percent":4.76},{"model":"VENDOGNUS","sales_percent":5.08},{"model":"WUMA","sales_percent":4.88}]
debug 2024/07/24 13:42:32 shoeModelSales: [{ShoeModel:ABOEN SalesPercent:5.06} {ShoeModel:ADERI SalesPercent:4.9} {ShoeModel:ALALIWEN SalesPercent:5.07} {ShoeModel:BEODA SalesPercent:4.95} {ShoeModel:BOZZA SalesPercent:5.11} {ShoeModel:BUTAUD SalesPercent:5.09} {ShoeModel:CADAUDIA SalesPercent:5.18} {ShoeModel:CADEVEN SalesPercent:4.97} {ShoeModel:CAELAN SalesPercent:4.74} {ShoeModel:ELOILLAN SalesPercent:4.77} {ShoeModel:GREG SalesPercent:5.04} {ShoeModel:GRELIDIEN SalesPercent:5.01} {ShoeModel:MCTYRE SalesPercent:5.12} {ShoeModel:MIRIRA SalesPercent:5.06} {ShoeModel:RASIEN SalesPercent:4.94} {ShoeModel:SCHOOLER SalesPercent:4.9} {ShoeModel:SEVIDE SalesPercent:5.35} {ShoeModel:SODANO SalesPercent:4.76} {ShoeModel:VENDOGNUS SalesPercent:5.08} {ShoeModel:WUMA SalesPercent:4.88}]
debug 2024/07/24 13:42:32 body: [{"model":"ABOEN","sales_percent":5.06},{"model":"ADERI","sales_percent":4.9},{"model":"ALALIWEN","sales_percent":5.07},{"model":"BEODA","sales_percent":4.95},{"model":"BOZZA","sales_percent":5.11},{"model":"BUTAUD","sales_percent":5.09},{"model":"CADAUDIA","sales_percent":5.18},{"model":"CADEVEN","sales_percent":4.97},{"model":"CAELAN","sales_percent":4.74},{"model":"ELOILLAN","sales_percent":4.77},{"model":"GREG","sales_percent":5.04},{"model":"GRELIDIEN","sales_percent":5.01},{"model":"MCTYRE","sales_percent":5.12},{"model":"MIRIRA","sales_percent":5.06},{"model":"RASIEN","sales_percent":4.94},{"model":"SCHOOLER","sales_percent":4.9},{"model":"SEVIDE","sales_percent":5.35},{"model":"SODANO","sales_percent":4.76},{"model":"VENDOGNUS","sales_percent":5.08},{"model":"WUMA","sales_percent":4.88}]
debug 2024/07/24 13:42:32 shoeModelSales: [{ShoeModel:ABOEN SalesPercent:5.06} {ShoeModel:ADERI SalesPercent:4.9} {ShoeModel:ALALIWEN SalesPercent:5.07} {ShoeModel:BEODA SalesPercent:4.95} {ShoeModel:BOZZA SalesPercent:5.11} {ShoeModel:BUTAUD SalesPercent:5.09} {ShoeModel:CADAUDIA SalesPercent:5.18} {ShoeModel:CADEVEN SalesPercent:4.97} {ShoeModel:CAELAN SalesPercent:4.74} {ShoeModel:ELOILLAN SalesPercent:4.77} {ShoeModel:GREG SalesPercent:5.04} {ShoeModel:GRELIDIEN SalesPercent:5.01} {ShoeModel:MCTYRE SalesPercent:5.12} {ShoeModel:MIRIRA SalesPercent:5.06} {ShoeModel:RASIEN SalesPercent:4.94} {ShoeModel:SCHOOLER SalesPercent:4.9} {ShoeModel:SEVIDE SalesPercent:5.35} {ShoeModel:SODANO SalesPercent:4.76} {ShoeModel:VENDOGNUS SalesPercent:5.08} {ShoeModel:WUMA SalesPercent:4.88}]
debug 2024/07/24 13:42:34 body: [{"model":"ABOEN","sales_percent":5.07},{"model":"ADERI","sales_percent":4.91},{"model":"ALALIWEN","sales_percent":5.07},{"model":"BEODA","sales_percent":4.95},{"model":"BOZZA","sales_percent":5.11},{"model":"BUTAUD","sales_percent":5.09},{"model":"CADAUDIA","sales_percent":5.18},{"model":"CADEVEN","sales_percent":4.97},{"model":"CAELAN","sales_percent":4.74},{"model":"ELOILLAN","sales_percent":4.77},{"model":"GREG","sales_percent":5.04},{"model":"GRELIDIEN","sales_percent":5.0},{"model":"MCTYRE","sales_percent":5.13},{"model":"MIRIRA","sales_percent":5.06},{"model":"RASIEN","sales_percent":4.94},{"model":"SCHOOLER","sales_percent":4.9},{"model":"SEVIDE","sales_percent":5.35},{"model":"SODANO","sales_percent":4.75},{"model":"VENDOGNUS","sales_percent":5.08},{"model":"WUMA","sales_percent":4.88}]
debug 2024/07/24 13:42:34 shoeModelSales: [{ShoeModel:ABOEN SalesPercent:5.07} {ShoeModel:ADERI SalesPercent:4.91} {ShoeModel:ALALIWEN SalesPercent:5.07} {ShoeModel:BEODA SalesPercent:4.95} {ShoeModel:BOZZA SalesPercent:5.11} {ShoeModel:BUTAUD SalesPercent:5.09} {ShoeModel:CADAUDIA SalesPercent:5.18} {ShoeModel:CADEVEN SalesPercent:4.97} {ShoeModel:CAELAN SalesPercent:4.74} {ShoeModel:ELOILLAN SalesPercent:4.77} {ShoeModel:GREG SalesPercent:5.04} {ShoeModel:GRELIDIEN SalesPercent:5} {ShoeModel:MCTYRE SalesPercent:5.13} {ShoeModel:MIRIRA SalesPercent:5.06} {ShoeModel:RASIEN SalesPercent:4.94} {ShoeModel:SCHOOLER SalesPercent:4.9} {ShoeModel:SEVIDE SalesPercent:5.35} {ShoeModel:SODANO SalesPercent:4.75} {ShoeModel:VENDOGNUS SalesPercent:5.08} {ShoeModel:WUMA SalesPercent:4.88}]
debug 2024/07/24 13:42:34 body: [{"model":"ABOEN","sales_percent":5.07},{"model":"ADERI","sales_percent":4.91},{"model":"ALALIWEN","sales_percent":5.07},{"model":"BEODA","sales_percent":4.95},{"model":"BOZZA","sales_percent":5.11},{"model":"BUTAUD","sales_percent":5.09},{"model":"CADAUDIA","sales_percent":5.18},{"model":"CADEVEN","sales_percent":4.97},{"model":"CAELAN","sales_percent":4.74},{"model":"ELOILLAN","sales_percent":4.77},{"model":"GREG","sales_percent":5.04},{"model":"GRELIDIEN","sales_percent":5.0},{"model":"MCTYRE","sales_percent":5.13},{"model":"MIRIRA","sales_percent":5.06},{"model":"RASIEN","sales_percent":4.94},{"model":"SCHOOLER","sales_percent":4.9},{"model":"SEVIDE","sales_percent":5.35},{"model":"SODANO","sales_percent":4.75},{"model":"VENDOGNUS","sales_percent":5.08},{"model":"WUMA","sales_percent":4.88}]
debug 2024/07/24 13:42:34 shoeModelSales: [{ShoeModel:ABOEN SalesPercent:5.07} {ShoeModel:ADERI SalesPercent:4.91} {ShoeModel:ALALIWEN SalesPercent:5.07} {ShoeModel:BEODA SalesPercent:4.95} {ShoeModel:BOZZA SalesPercent:5.11} {ShoeModel:BUTAUD SalesPercent:5.09} {ShoeModel:CADAUDIA SalesPercent:5.18} {ShoeModel:CADEVEN SalesPercent:4.97} {ShoeModel:CAELAN SalesPercent:4.74} {ShoeModel:ELOILLAN SalesPercent:4.77} {ShoeModel:GREG SalesPercent:5.04} {ShoeModel:GRELIDIEN SalesPercent:5} {ShoeModel:MCTYRE SalesPercent:5.13} {ShoeModel:MIRIRA SalesPercent:5.06} {ShoeModel:RASIEN SalesPercent:4.94} {ShoeModel:SCHOOLER SalesPercent:4.9} {ShoeModel:SEVIDE SalesPercent:5.35} {ShoeModel:SODANO SalesPercent:4.75} {ShoeModel:VENDOGNUS SalesPercent:5.08} {ShoeModel:WUMA SalesPercent:4.88}]
debug 2024/07/24 13:42:41 body: [{"model":"ABOEN","sales_percent":5.06},{"model":"ADERI","sales_percent":4.9},{"model":"ALALIWEN","sales_percent":5.06},{"model":"BEODA","sales_percent":4.95},{"model":"BOZZA","sales_percent":5.11},{"model":"BUTAUD","sales_percent":5.09},{"model":"CADAUDIA","sales_percent":5.18},{"model":"CADEVEN","sales_percent":4.97},{"model":"CAELAN","sales_percent":4.74},{"model":"ELOILLAN","sales_percent":4.77},{"model":"GREG","sales_percent":5.04},{"model":"GRELIDIEN","sales_percent":5.0},{"model":"MCTYRE","sales_percent":5.14},{"model":"MIRIRA","sales_percent":5.06},{"model":"RASIEN","sales_percent":4.94},{"model":"SCHOOLER","sales_percent":4.9},{"model":"SEVIDE","sales_percent":5.35},{"model":"SODANO","sales_percent":4.75},{"model":"VENDOGNUS","sales_percent":5.08},{"model":"WUMA","sales_percent":4.88}]
debug 2024/07/24 13:42:41 shoeModelSales: [{ShoeModel:ABOEN SalesPercent:5.06} {ShoeModel:ADERI SalesPercent:4.9} {ShoeModel:ALALIWEN SalesPercent:5.06} {ShoeModel:BEODA SalesPercent:4.95} {ShoeModel:BOZZA SalesPercent:5.11} {ShoeModel:BUTAUD SalesPercent:5.09} {ShoeModel:CADAUDIA SalesPercent:5.18} {ShoeModel:CADEVEN SalesPercent:4.97} {ShoeModel:CAELAN SalesPercent:4.74} {ShoeModel:ELOILLAN SalesPercent:4.77} {ShoeModel:GREG SalesPercent:5.04} {ShoeModel:GRELIDIEN SalesPercent:5} {ShoeModel:MCTYRE SalesPercent:5.14} {ShoeModel:MIRIRA SalesPercent:5.06} {ShoeModel:RASIEN SalesPercent:4.94} {ShoeModel:SCHOOLER SalesPercent:4.9} {ShoeModel:SEVIDE SalesPercent:5.35} {ShoeModel:SODANO SalesPercent:4.75} {ShoeModel:VENDOGNUS SalesPercent:5.08} {ShoeModel:WUMA SalesPercent:4.88}]
debug 2024/07/24 13:42:41 body: [{"model":"ABOEN","sales_percent":5.06},{"model":"ADERI","sales_percent":4.9},{"model":"ALALIWEN","sales_percent":5.06},{"model":"BEODA","sales_percent":4.95},{"model":"BOZZA","sales_percent":5.11},{"model":"BUTAUD","sales_percent":5.09},{"model":"CADAUDIA","sales_percent":5.18},{"model":"CADEVEN","sales_percent":4.97},{"model":"CAELAN","sales_percent":4.74},{"model":"ELOILLAN","sales_percent":4.77},{"model":"GREG","sales_percent":5.04},{"model":"GRELIDIEN","sales_percent":5.0},{"model":"MCTYRE","sales_percent":5.14},{"model":"MIRIRA","sales_percent":5.06},{"model":"RASIEN","sales_percent":4.94},{"model":"SCHOOLER","sales_percent":4.9},{"model":"SEVIDE","sales_percent":5.35},{"model":"SODANO","sales_percent":4.75},{"model":"VENDOGNUS","sales_percent":5.08},{"model":"WUMA","sales_percent":4.88}]
debug 2024/07/24 13:42:41 shoeModelSales: [{ShoeModel:ABOEN SalesPercent:5.06} {ShoeModel:ADERI SalesPercent:4.9} {ShoeModel:ALALIWEN SalesPercent:5.06} {ShoeModel:BEODA SalesPercent:4.95} {ShoeModel:BOZZA SalesPercent:5.11} {ShoeModel:BUTAUD SalesPercent:5.09} {ShoeModel:CADAUDIA SalesPercent:5.18} {ShoeModel:CADEVEN SalesPercent:4.97} {ShoeModel:CAELAN SalesPercent:4.74} {ShoeModel:ELOILLAN SalesPercent:4.77} {ShoeModel:GREG SalesPercent:5.04} {ShoeModel:GRELIDIEN SalesPercent:5} {ShoeModel:MCTYRE SalesPercent:5.14} {ShoeModel:MIRIRA SalesPercent:5.06} {ShoeModel:RASIEN SalesPercent:4.94} {ShoeModel:SCHOOLER SalesPercent:4.9} {ShoeModel:SEVIDE SalesPercent:5.35} {ShoeModel:SODANO SalesPercent:4.75} {ShoeModel:VENDOGNUS SalesPercent:5.08} {ShoeModel:WUMA SalesPercent:4.88}]
debug 2024/07/24 13:42:43 body: [{"model":"ABOEN","sales_percent":5.06},{"model":"ADERI","sales_percent":4.9},{"model":"ALALIWEN","sales_percent":5.06},{"model":"BEODA","sales_percent":4.95},{"model":"BOZZA","sales_percent":5.11},{"model":"BUTAUD","sales_percent":5.09},{"model":"CADAUDIA","sales_percent":5.18},{"model":"CADEVEN","sales_percent":4.97},{"model":"CAELAN","sales_percent":4.74},{"model":"ELOILLAN","sales_percent":4.77},{"model":"GREG","sales_percent":5.04},{"model":"GRELIDIEN","sales_percent":5.0},{"model":"MCTYRE","sales_percent":5.14},{"model":"MIRIRA","sales_percent":5.06},{"model":"RASIEN","sales_percent":4.94},{"model":"SCHOOLER","sales_percent":4.9},{"model":"SEVIDE","sales_percent":5.35},{"model":"SODANO","sales_percent":4.75},{"model":"VENDOGNUS","sales_percent":5.08},{"model":"WUMA","sales_percent":4.88}]
debug 2024/07/24 13:42:43 shoeModelSales: [{ShoeModel:ABOEN SalesPercent:5.06} {ShoeModel:ADERI SalesPercent:4.9} {ShoeModel:ALALIWEN SalesPercent:5.06} {ShoeModel:BEODA SalesPercent:4.95} {ShoeModel:BOZZA SalesPercent:5.11} {ShoeModel:BUTAUD SalesPercent:5.09} {ShoeModel:CADAUDIA SalesPercent:5.18} {ShoeModel:CADEVEN SalesPercent:4.97} {ShoeModel:CAELAN SalesPercent:4.74} {ShoeModel:ELOILLAN SalesPercent:4.77} {ShoeModel:GREG SalesPercent:5.04} {ShoeModel:GRELIDIEN SalesPercent:5} {ShoeModel:MCTYRE SalesPercent:5.14} {ShoeModel:MIRIRA SalesPercent:5.06} {ShoeModel:RASIEN SalesPercent:4.94} {ShoeModel:SCHOOLER SalesPercent:4.9} {ShoeModel:SEVIDE SalesPercent:5.35} {ShoeModel:SODANO SalesPercent:4.75} {ShoeModel:VENDOGNUS SalesPercent:5.08} {ShoeModel:WUMA SalesPercent:4.88}]
debug 2024/07/24 13:42:43 body: [{"model":"ABOEN","sales_percent":5.06},{"model":"ADERI","sales_percent":4.9},{"model":"ALALIWEN","sales_percent":5.06},{"model":"BEODA","sales_percent":4.95},{"model":"BOZZA","sales_percent":5.11},{"model":"BUTAUD","sales_percent":5.09},{"model":"CADAUDIA","sales_percent":5.18},{"model":"CADEVEN","sales_percent":4.97},{"model":"CAELAN","sales_percent":4.74},{"model":"ELOILLAN","sales_percent":4.77},{"model":"GREG","sales_percent":5.04},{"model":"GRELIDIEN","sales_percent":5.0},{"model":"MCTYRE","sales_percent":5.14},{"model":"MIRIRA","sales_percent":5.06},{"model":"RASIEN","sales_percent":4.94},{"model":"SCHOOLER","sales_percent":4.9},{"model":"SEVIDE","sales_percent":5.35},{"model":"SODANO","sales_percent":4.75},{"model":"VENDOGNUS","sales_percent":5.08},{"model":"WUMA","sales_percent":4.88}]
debug 2024/07/24 13:42:43 shoeModelSales: [{ShoeModel:ABOEN SalesPercent:5.06} {ShoeModel:ADERI SalesPercent:4.9} {ShoeModel:ALALIWEN SalesPercent:5.06} {ShoeModel:BEODA SalesPercent:4.95} {ShoeModel:BOZZA SalesPercent:5.11} {ShoeModel:BUTAUD SalesPercent:5.09} {ShoeModel:CADAUDIA SalesPercent:5.18} {ShoeModel:CADEVEN SalesPercent:4.97} {ShoeModel:CAELAN SalesPercent:4.74} {ShoeModel:ELOILLAN SalesPercent:4.77} {ShoeModel:GREG SalesPercent:5.04} {ShoeModel:GRELIDIEN SalesPercent:5} {ShoeModel:MCTYRE SalesPercent:5.14} {ShoeModel:MIRIRA SalesPercent:5.06} {ShoeModel:RASIEN SalesPercent:4.94} {ShoeModel:SCHOOLER SalesPercent:4.9} {ShoeModel:SEVIDE SalesPercent:5.35} {ShoeModel:SODANO SalesPercent:4.75} {ShoeModel:VENDOGNUS SalesPercent:5.08} {ShoeModel:WUMA SalesPercent:4.88}]
debug 2024/07/24 13:42:45 body: [{"model":"ABOEN","sales_percent":5.06},{"model":"ADERI","sales_percent":4.9},{"model":"ALALIWEN","sales_percent":5.06},{"model":"BEODA","sales_percent":4.95},{"model":"BOZZA","sales_percent":5.12},{"model":"BUTAUD","sales_percent":5.09},{"model":"CADAUDIA","sales_percent":5.18},{"model":"CADEVEN","sales_percent":4.97},{"model":"CAELAN","sales_percent":4.74},{"model":"ELOILLAN","sales_percent":4.77},{"model":"GREG","sales_percent":5.04},{"model":"GRELIDIEN","sales_percent":5.0},{"model":"MCTYRE","sales_percent":5.14},{"model":"MIRIRA","sales_percent":5.06},{"model":"RASIEN","sales_percent":4.94},{"model":"SCHOOLER","sales_percent":4.9},{"model":"SEVIDE","sales_percent":5.35},{"model":"SODANO","sales_percent":4.75},{"model":"VENDOGNUS","sales_percent":5.08},{"model":"WUMA","sales_percent":4.88}]
debug 2024/07/24 13:42:45 shoeModelSales: [{ShoeModel:ABOEN SalesPercent:5.06} {ShoeModel:ADERI SalesPercent:4.9} {ShoeModel:ALALIWEN SalesPercent:5.06} {ShoeModel:BEODA SalesPercent:4.95} {ShoeModel:BOZZA SalesPercent:5.12} {ShoeModel:BUTAUD SalesPercent:5.09} {ShoeModel:CADAUDIA SalesPercent:5.18} {ShoeModel:CADEVEN SalesPercent:4.97} {ShoeModel:CAELAN SalesPercent:4.74} {ShoeModel:ELOILLAN SalesPercent:4.77} {ShoeModel:GREG SalesPercent:5.04} {ShoeModel:GRELIDIEN SalesPercent:5} {ShoeModel:MCTYRE SalesPercent:5.14} {ShoeModel:MIRIRA SalesPercent:5.06} {ShoeModel:RASIEN SalesPercent:4.94} {ShoeModel:SCHOOLER SalesPercent:4.9} {ShoeModel:SEVIDE SalesPercent:5.35} {ShoeModel:SODANO SalesPercent:4.75} {ShoeModel:VENDOGNUS SalesPercent:5.08} {ShoeModel:WUMA SalesPercent:4.88}]
debug 2024/07/24 13:42:45 body: [{"model":"ABOEN","sales_percent":5.06},{"model":"ADERI","sales_percent":4.9},{"model":"ALALIWEN","sales_percent":5.06},{"model":"BEODA","sales_percent":4.95},{"model":"BOZZA","sales_percent":5.12},{"model":"BUTAUD","sales_percent":5.09},{"model":"CADAUDIA","sales_percent":5.18},{"model":"CADEVEN","sales_percent":4.97},{"model":"CAELAN","sales_percent":4.74},{"model":"ELOILLAN","sales_percent":4.77},{"model":"GREG","sales_percent":5.04},{"model":"GRELIDIEN","sales_percent":5.0},{"model":"MCTYRE","sales_percent":5.14},{"model":"MIRIRA","sales_percent":5.06},{"model":"RASIEN","sales_percent":4.94},{"model":"SCHOOLER","sales_percent":4.9},{"model":"SEVIDE","sales_percent":5.35},{"model":"SODANO","sales_percent":4.75},{"model":"VENDOGNUS","sales_percent":5.08},{"model":"WUMA","sales_percent":4.88}]
debug 2024/07/24 13:42:45 shoeModelSales: [{ShoeModel:ABOEN SalesPercent:5.06} {ShoeModel:ADERI SalesPercent:4.9} {ShoeModel:ALALIWEN SalesPercent:5.06} {ShoeModel:BEODA SalesPercent:4.95} {ShoeModel:BOZZA SalesPercent:5.12} {ShoeModel:BUTAUD SalesPercent:5.09} {ShoeModel:CADAUDIA SalesPercent:5.18} {ShoeModel:CADEVEN SalesPercent:4.97} {ShoeModel:CAELAN SalesPercent:4.74} {ShoeModel:ELOILLAN SalesPercent:4.77} {ShoeModel:GREG SalesPercent:5.04} {ShoeModel:GRELIDIEN SalesPercent:5} {ShoeModel:MCTYRE SalesPercent:5.14} {ShoeModel:MIRIRA SalesPercent:5.06} {ShoeModel:RASIEN SalesPercent:4.94} {ShoeModel:SCHOOLER SalesPercent:4.9} {ShoeModel:SEVIDE SalesPercent:5.35} {ShoeModel:SODANO SalesPercent:4.75} {ShoeModel:VENDOGNUS SalesPercent:5.08} {ShoeModel:WUMA SalesPercent:4.88}]
debug 2024/07/24 13:42:47 body: [{"model":"ABOEN","sales_percent":5.06},{"model":"ADERI","sales_percent":4.9},{"model":"ALALIWEN","sales_percent":5.06},{"model":"BEODA","sales_percent":4.95},{"model":"BOZZA","sales_percent":5.12},{"model":"BUTAUD","sales_percent":5.09},{"model":"CADAUDIA","sales_percent":5.18},{"model":"CADEVEN","sales_percent":4.97},{"model":"CAELAN","sales_percent":4.74},{"model":"ELOILLAN","sales_percent":4.77},{"model":"GREG","sales_percent":5.04},{"model":"GRELIDIEN","sales_percent":5.01},{"model":"MCTYRE","sales_percent":5.13},{"model":"MIRIRA","sales_percent":5.05},{"model":"RASIEN","sales_percent":4.94},{"model":"SCHOOLER","sales_percent":4.9},{"model":"SEVIDE","sales_percent":5.35},{"model":"SODANO","sales_percent":4.75},{"model":"VENDOGNUS","sales_percent":5.08},{"model":"WUMA","sales_percent":4.88}]
debug 2024/07/24 13:42:47 shoeModelSales: [{ShoeModel:ABOEN SalesPercent:5.06} {ShoeModel:ADERI SalesPercent:4.9} {ShoeModel:ALALIWEN SalesPercent:5.06} {ShoeModel:BEODA SalesPercent:4.95} {ShoeModel:BOZZA SalesPercent:5.12} {ShoeModel:BUTAUD SalesPercent:5.09} {ShoeModel:CADAUDIA SalesPercent:5.18} {ShoeModel:CADEVEN SalesPercent:4.97} {ShoeModel:CAELAN SalesPercent:4.74} {ShoeModel:ELOILLAN SalesPercent:4.77} {ShoeModel:GREG SalesPercent:5.04} {ShoeModel:GRELIDIEN SalesPercent:5.01} {ShoeModel:MCTYRE SalesPercent:5.13} {ShoeModel:MIRIRA SalesPercent:5.05} {ShoeModel:RASIEN SalesPercent:4.94} {ShoeModel:SCHOOLER SalesPercent:4.9} {ShoeModel:SEVIDE SalesPercent:5.35} {ShoeModel:SODANO SalesPercent:4.75} {ShoeModel:VENDOGNUS SalesPercent:5.08} {ShoeModel:WUMA SalesPercent:4.88}]
debug 2024/07/24 13:42:47 body: [{"model":"ABOEN","sales_percent":5.06},{"model":"ADERI","sales_percent":4.9},{"model":"ALALIWEN","sales_percent":5.06},{"model":"BEODA","sales_percent":4.95},{"model":"BOZZA","sales_percent":5.12},{"model":"BUTAUD","sales_percent":5.09},{"model":"CADAUDIA","sales_percent":5.18},{"model":"CADEVEN","sales_percent":4.97},{"model":"CAELAN","sales_percent":4.74},{"model":"ELOILLAN","sales_percent":4.77},{"model":"GREG","sales_percent":5.04},{"model":"GRELIDIEN","sales_percent":5.01},{"model":"MCTYRE","sales_percent":5.13},{"model":"MIRIRA","sales_percent":5.05},{"model":"RASIEN","sales_percent":4.94},{"model":"SCHOOLER","sales_percent":4.9},{"model":"SEVIDE","sales_percent":5.35},{"model":"SODANO","sales_percent":4.75},{"model":"VENDOGNUS","sales_percent":5.08},{"model":"WUMA","sales_percent":4.88}]
debug 2024/07/24 13:42:47 shoeModelSales: [{ShoeModel:ABOEN SalesPercent:5.06} {ShoeModel:ADERI SalesPercent:4.9} {ShoeModel:ALALIWEN SalesPercent:5.06} {ShoeModel:BEODA SalesPercent:4.95} {ShoeModel:BOZZA SalesPercent:5.12} {ShoeModel:BUTAUD SalesPercent:5.09} {ShoeModel:CADAUDIA SalesPercent:5.18} {ShoeModel:CADEVEN SalesPercent:4.97} {ShoeModel:CAELAN SalesPercent:4.74} {ShoeModel:ELOILLAN SalesPercent:4.77} {ShoeModel:GREG SalesPercent:5.04} {ShoeModel:GRELIDIEN SalesPercent:5.01} {ShoeModel:MCTYRE SalesPercent:5.13} {ShoeModel:MIRIRA SalesPercent:5.05} {ShoeModel:RASIEN SalesPercent:4.94} {ShoeModel:SCHOOLER SalesPercent:4.9} {ShoeModel:SEVIDE SalesPercent:5.35} {ShoeModel:SODANO SalesPercent:4.75} {ShoeModel:VENDOGNUS SalesPercent:5.08} {ShoeModel:WUMA SalesPercent:4.88}]
debug 2024/07/24 13:42:49 body: [{"model":"ABOEN","sales_percent":5.06},{"model":"ADERI","sales_percent":4.9},{"model":"ALALIWEN","sales_percent":5.06},{"model":"BEODA","sales_percent":4.95},{"model":"BOZZA","sales_percent":5.11},{"model":"BUTAUD","sales_percent":5.1},{"model":"CADAUDIA","sales_percent":5.18},{"model":"CADEVEN","sales_percent":4.97},{"model":"CAELAN","sales_percent":4.74},{"model":"ELOILLAN","sales_percent":4.77},{"model":"GREG","sales_percent":5.04},{"model":"GRELIDIEN","sales_percent":5.01},{"model":"MCTYRE","sales_percent":5.13},{"model":"MIRIRA","sales_percent":5.06},{"model":"RASIEN","sales_percent":4.94},{"model":"SCHOOLER","sales_percent":4.91},{"model":"SEVIDE","sales_percent":5.35},{"model":"SODANO","sales_percent":4.75},{"model":"VENDOGNUS","sales_percent":5.08},{"model":"WUMA","sales_percent":4.88}]
debug 2024/07/24 13:42:49 shoeModelSales: [{ShoeModel:ABOEN SalesPercent:5.06} {ShoeModel:ADERI SalesPercent:4.9} {ShoeModel:ALALIWEN SalesPercent:5.06} {ShoeModel:BEODA SalesPercent:4.95} {ShoeModel:BOZZA SalesPercent:5.11} {ShoeModel:BUTAUD SalesPercent:5.1} {ShoeModel:CADAUDIA SalesPercent:5.18} {ShoeModel:CADEVEN SalesPercent:4.97} {ShoeModel:CAELAN SalesPercent:4.74} {ShoeModel:ELOILLAN SalesPercent:4.77} {ShoeModel:GREG SalesPercent:5.04} {ShoeModel:GRELIDIEN SalesPercent:5.01} {ShoeModel:MCTYRE SalesPercent:5.13} {ShoeModel:MIRIRA SalesPercent:5.06} {ShoeModel:RASIEN SalesPercent:4.94} {ShoeModel:SCHOOLER SalesPercent:4.91} {ShoeModel:SEVIDE SalesPercent:5.35} {ShoeModel:SODANO SalesPercent:4.75} {ShoeModel:VENDOGNUS SalesPercent:5.08} {ShoeModel:WUMA SalesPercent:4.88}]
debug 2024/07/24 13:42:49 body: [{"model":"ABOEN","sales_percent":5.06},{"model":"ADERI","sales_percent":4.9},{"model":"ALALIWEN","sales_percent":5.06},{"model":"BEODA","sales_percent":4.95},{"model":"BOZZA","sales_percent":5.11},{"model":"BUTAUD","sales_percent":5.1},{"model":"CADAUDIA","sales_percent":5.18},{"model":"CADEVEN","sales_percent":4.97},{"model":"CAELAN","sales_percent":4.74},{"model":"ELOILLAN","sales_percent":4.77},{"model":"GREG","sales_percent":5.04},{"model":"GRELIDIEN","sales_percent":5.01},{"model":"MCTYRE","sales_percent":5.13},{"model":"MIRIRA","sales_percent":5.06},{"model":"RASIEN","sales_percent":4.94},{"model":"SCHOOLER","sales_percent":4.91},{"model":"SEVIDE","sales_percent":5.35},{"model":"SODANO","sales_percent":4.75},{"model":"VENDOGNUS","sales_percent":5.08},{"model":"WUMA","sales_percent":4.88}]
debug 2024/07/24 13:42:49 shoeModelSales: [{ShoeModel:ABOEN SalesPercent:5.06} {ShoeModel:ADERI SalesPercent:4.9} {ShoeModel:ALALIWEN SalesPercent:5.06} {ShoeModel:BEODA SalesPercent:4.95} {ShoeModel:BOZZA SalesPercent:5.11} {ShoeModel:BUTAUD SalesPercent:5.1} {ShoeModel:CADAUDIA SalesPercent:5.18} {ShoeModel:CADEVEN SalesPercent:4.97} {ShoeModel:CAELAN SalesPercent:4.74} {ShoeModel:ELOILLAN SalesPercent:4.77} {ShoeModel:GREG SalesPercent:5.04} {ShoeModel:GRELIDIEN SalesPercent:5.01} {ShoeModel:MCTYRE SalesPercent:5.13} {ShoeModel:MIRIRA SalesPercent:5.06} {ShoeModel:RASIEN SalesPercent:4.94} {ShoeModel:SCHOOLER SalesPercent:4.91} {ShoeModel:SEVIDE SalesPercent:5.35} {ShoeModel:SODANO SalesPercent:4.75} {ShoeModel:VENDOGNUS SalesPercent:5.08} {ShoeModel:WUMA SalesPercent:4.88}]
debug 2024/07/24 13:42:51 body: [{"model":"ABOEN","sales_percent":5.06},{"model":"ADERI","sales_percent":4.9},{"model":"ALALIWEN","sales_percent":5.06},{"model":"BEODA","sales_percent":4.95},{"model":"BOZZA","sales_percent":5.11},{"model":"BUTAUD","sales_percent":5.09},{"model":"CADAUDIA","sales_percent":5.18},{"model":"CADEVEN","sales_percent":4.97},{"model":"CAELAN","sales_percent":4.74},{"model":"ELOILLAN","sales_percent":4.77},{"model":"GREG","sales_percent":5.04},{"model":"GRELIDIEN","sales_percent":5.01},{"model":"MCTYRE","sales_percent":5.14},{"model":"MIRIRA","sales_percent":5.06},{"model":"RASIEN","sales_percent":4.94},{"model":"SCHOOLER","sales_percent":4.91},{"model":"SEVIDE","sales_percent":5.35},{"model":"SODANO","sales_percent":4.76},{"model":"VENDOGNUS","sales_percent":5.08},{"model":"WUMA","sales_percent":4.88}]
debug 2024/07/24 13:42:51 shoeModelSales: [{ShoeModel:ABOEN SalesPercent:5.06} {ShoeModel:ADERI SalesPercent:4.9} {ShoeModel:ALALIWEN SalesPercent:5.06} {ShoeModel:BEODA SalesPercent:4.95} {ShoeModel:BOZZA SalesPercent:5.11} {ShoeModel:BUTAUD SalesPercent:5.09} {ShoeModel:CADAUDIA SalesPercent:5.18} {ShoeModel:CADEVEN SalesPercent:4.97} {ShoeModel:CAELAN SalesPercent:4.74} {ShoeModel:ELOILLAN SalesPercent:4.77} {ShoeModel:GREG SalesPercent:5.04} {ShoeModel:GRELIDIEN SalesPercent:5.01} {ShoeModel:MCTYRE SalesPercent:5.14} {ShoeModel:MIRIRA SalesPercent:5.06} {ShoeModel:RASIEN SalesPercent:4.94} {ShoeModel:SCHOOLER SalesPercent:4.91} {ShoeModel:SEVIDE SalesPercent:5.35} {ShoeModel:SODANO SalesPercent:4.76} {ShoeModel:VENDOGNUS SalesPercent:5.08} {ShoeModel:WUMA SalesPercent:4.88}]
debug 2024/07/24 13:42:51 body: [{"model":"ABOEN","sales_percent":5.06},{"model":"ADERI","sales_percent":4.9},{"model":"ALALIWEN","sales_percent":5.06},{"model":"BEODA","sales_percent":4.95},{"model":"BOZZA","sales_percent":5.11},{"model":"BUTAUD","sales_percent":5.09},{"model":"CADAUDIA","sales_percent":5.18},{"model":"CADEVEN","sales_percent":4.97},{"model":"CAELAN","sales_percent":4.74},{"model":"ELOILLAN","sales_percent":4.77},{"model":"GREG","sales_percent":5.04},{"model":"GRELIDIEN","sales_percent":5.01},{"model":"MCTYRE","sales_percent":5.14},{"model":"MIRIRA","sales_percent":5.06},{"model":"RASIEN","sales_percent":4.94},{"model":"SCHOOLER","sales_percent":4.91},{"model":"SEVIDE","sales_percent":5.35},{"model":"SODANO","sales_percent":4.76},{"model":"VENDOGNUS","sales_percent":5.08},{"model":"WUMA","sales_percent":4.88}]
debug 2024/07/24 13:42:51 shoeModelSales: [{ShoeModel:ABOEN SalesPercent:5.06} {ShoeModel:ADERI SalesPercent:4.9} {ShoeModel:ALALIWEN SalesPercent:5.06} {ShoeModel:BEODA SalesPercent:4.95} {ShoeModel:BOZZA SalesPercent:5.11} {ShoeModel:BUTAUD SalesPercent:5.09} {ShoeModel:CADAUDIA SalesPercent:5.18} {ShoeModel:CADEVEN SalesPercent:4.97} {ShoeModel:CAELAN SalesPercent:4.74} {ShoeModel:ELOILLAN SalesPercent:4.77} {ShoeModel:GREG SalesPercent:5.04} {ShoeModel:GRELIDIEN SalesPercent:5.01} {ShoeModel:MCTYRE SalesPercent:5.14} {ShoeModel:MIRIRA SalesPercent:5.06} {ShoeModel:RASIEN SalesPercent:4.94} {ShoeModel:SCHOOLER SalesPercent:4.91} {ShoeModel:SEVIDE SalesPercent:5.35} {ShoeModel:SODANO SalesPercent:4.76} {ShoeModel:VENDOGNUS SalesPercent:5.08} {ShoeModel:WUMA SalesPercent:4.88}]
debug 2024/07/24 13:42:53 body: [{"model":"ABOEN","sales_percent":5.06},{"model":"ADERI","sales_percent":4.9},{"model":"ALALIWEN","sales_percent":5.06},{"model":"BEODA","sales_percent":4.95},{"model":"BOZZA","sales_percent":5.11},{"model":"BUTAUD","sales_percent":5.09},{"model":"CADAUDIA","sales_percent":5.18},{"model":"CADEVEN","sales_percent":4.97},{"model":"CAELAN","sales_percent":4.74},{"model":"ELOILLAN","sales_percent":4.77},{"model":"GREG","sales_percent":5.04},{"model":"GRELIDIEN","sales_percent":5.0},{"model":"MCTYRE","sales_percent":5.14},{"model":"MIRIRA","sales_percent":5.06},{"model":"RASIEN","sales_percent":4.94},{"model":"SCHOOLER","sales_percent":4.91},{"model":"SEVIDE","sales_percent":5.35},{"model":"SODANO","sales_percent":4.76},{"model":"VENDOGNUS","sales_percent":5.08},{"model":"WUMA","sales_percent":4.88}]
debug 2024/07/24 13:42:53 shoeModelSales: [{ShoeModel:ABOEN SalesPercent:5.06} {ShoeModel:ADERI SalesPercent:4.9} {ShoeModel:ALALIWEN SalesPercent:5.06} {ShoeModel:BEODA SalesPercent:4.95} {ShoeModel:BOZZA SalesPercent:5.11} {ShoeModel:BUTAUD SalesPercent:5.09} {ShoeModel:CADAUDIA SalesPercent:5.18} {ShoeModel:CADEVEN SalesPercent:4.97} {ShoeModel:CAELAN SalesPercent:4.74} {ShoeModel:ELOILLAN SalesPercent:4.77} {ShoeModel:GREG SalesPercent:5.04} {ShoeModel:GRELIDIEN SalesPercent:5} {ShoeModel:MCTYRE SalesPercent:5.14} {ShoeModel:MIRIRA SalesPercent:5.06} {ShoeModel:RASIEN SalesPercent:4.94} {ShoeModel:SCHOOLER SalesPercent:4.91} {ShoeModel:SEVIDE SalesPercent:5.35} {ShoeModel:SODANO SalesPercent:4.76} {ShoeModel:VENDOGNUS SalesPercent:5.08} {ShoeModel:WUMA SalesPercent:4.88}]
debug 2024/07/24 13:42:53 body: [{"model":"ABOEN","sales_percent":5.06},{"model":"ADERI","sales_percent":4.9},{"model":"ALALIWEN","sales_percent":5.06},{"model":"BEODA","sales_percent":4.95},{"model":"BOZZA","sales_percent":5.11},{"model":"BUTAUD","sales_percent":5.09},{"model":"CADAUDIA","sales_percent":5.18},{"model":"CADEVEN","sales_percent":4.97},{"model":"CAELAN","sales_percent":4.74},{"model":"ELOILLAN","sales_percent":4.77},{"model":"GREG","sales_percent":5.04},{"model":"GRELIDIEN","sales_percent":5.0},{"model":"MCTYRE","sales_percent":5.14},{"model":"MIRIRA","sales_percent":5.06},{"model":"RASIEN","sales_percent":4.94},{"model":"SCHOOLER","sales_percent":4.91},{"model":"SEVIDE","sales_percent":5.35},{"model":"SODANO","sales_percent":4.76},{"model":"VENDOGNUS","sales_percent":5.08},{"model":"WUMA","sales_percent":4.88}]
debug 2024/07/24 13:42:53 shoeModelSales: [{ShoeModel:ABOEN SalesPercent:5.06} {ShoeModel:ADERI SalesPercent:4.9} {ShoeModel:ALALIWEN SalesPercent:5.06} {ShoeModel:BEODA SalesPercent:4.95} {ShoeModel:BOZZA SalesPercent:5.11} {ShoeModel:BUTAUD SalesPercent:5.09} {ShoeModel:CADAUDIA SalesPercent:5.18} {ShoeModel:CADEVEN SalesPercent:4.97} {ShoeModel:CAELAN SalesPercent:4.74} {ShoeModel:ELOILLAN SalesPercent:4.77} {ShoeModel:GREG SalesPercent:5.04} {ShoeModel:GRELIDIEN SalesPercent:5} {ShoeModel:MCTYRE SalesPercent:5.14} {ShoeModel:MIRIRA SalesPercent:5.06} {ShoeModel:RASIEN SalesPercent:4.94} {ShoeModel:SCHOOLER SalesPercent:4.91} {ShoeModel:SEVIDE SalesPercent:5.35} {ShoeModel:SODANO SalesPercent:4.76} {ShoeModel:VENDOGNUS SalesPercent:5.08} {ShoeModel:WUMA SalesPercent:4.88}]
debug 2024/07/24 13:42:55 body: [{"model":"ABOEN","sales_percent":5.06},{"model":"ADERI","sales_percent":4.9},{"model":"ALALIWEN","sales_percent":5.06},{"model":"BEODA","sales_percent":4.96},{"model":"BOZZA","sales_percent":5.11},{"model":"BUTAUD","sales_percent":5.1},{"model":"CADAUDIA","sales_percent":5.18},{"model":"CADEVEN","sales_percent":4.97},{"model":"CAELAN","sales_percent":4.75},{"model":"ELOILLAN","sales_percent":4.77},{"model":"GREG","sales_percent":5.04},{"model":"GRELIDIEN","sales_percent":5.0},{"model":"MCTYRE","sales_percent":5.14},{"model":"MIRIRA","sales_percent":5.06},{"model":"RASIEN","sales_percent":4.94},{"model":"SCHOOLER","sales_percent":4.91},{"model":"SEVIDE","sales_percent":5.35},{"model":"SODANO","sales_percent":4.75},{"model":"VENDOGNUS","sales_percent":5.08},{"model":"WUMA","sales_percent":4.88}]
debug 2024/07/24 13:42:55 shoeModelSales: [{ShoeModel:ABOEN SalesPercent:5.06} {ShoeModel:ADERI SalesPercent:4.9} {ShoeModel:ALALIWEN SalesPercent:5.06} {ShoeModel:BEODA SalesPercent:4.96} {ShoeModel:BOZZA SalesPercent:5.11} {ShoeModel:BUTAUD SalesPercent:5.1} {ShoeModel:CADAUDIA SalesPercent:5.18} {ShoeModel:CADEVEN SalesPercent:4.97} {ShoeModel:CAELAN SalesPercent:4.75} {ShoeModel:ELOILLAN SalesPercent:4.77} {ShoeModel:GREG SalesPercent:5.04} {ShoeModel:GRELIDIEN SalesPercent:5} {ShoeModel:MCTYRE SalesPercent:5.14} {ShoeModel:MIRIRA SalesPercent:5.06} {ShoeModel:RASIEN SalesPercent:4.94} {ShoeModel:SCHOOLER SalesPercent:4.91} {ShoeModel:SEVIDE SalesPercent:5.35} {ShoeModel:SODANO SalesPercent:4.75} {ShoeModel:VENDOGNUS SalesPercent:5.08} {ShoeModel:WUMA SalesPercent:4.88}]
debug 2024/07/24 13:42:55 body: [{"model":"ABOEN","sales_percent":5.06},{"model":"ADERI","sales_percent":4.9},{"model":"ALALIWEN","sales_percent":5.06},{"model":"BEODA","sales_percent":4.96},{"model":"BOZZA","sales_percent":5.11},{"model":"BUTAUD","sales_percent":5.1},{"model":"CADAUDIA","sales_percent":5.18},{"model":"CADEVEN","sales_percent":4.97},{"model":"CAELAN","sales_percent":4.75},{"model":"ELOILLAN","sales_percent":4.77},{"model":"GREG","sales_percent":5.04},{"model":"GRELIDIEN","sales_percent":5.0},{"model":"MCTYRE","sales_percent":5.14},{"model":"MIRIRA","sales_percent":5.06},{"model":"RASIEN","sales_percent":4.94},{"model":"SCHOOLER","sales_percent":4.91},{"model":"SEVIDE","sales_percent":5.35},{"model":"SODANO","sales_percent":4.75},{"model":"VENDOGNUS","sales_percent":5.08},{"model":"WUMA","sales_percent":4.88}]
debug 2024/07/24 13:42:55 shoeModelSales: [{ShoeModel:ABOEN SalesPercent:5.06} {ShoeModel:ADERI SalesPercent:4.9} {ShoeModel:ALALIWEN SalesPercent:5.06} {ShoeModel:BEODA SalesPercent:4.96} {ShoeModel:BOZZA SalesPercent:5.11} {ShoeModel:BUTAUD SalesPercent:5.1} {ShoeModel:CADAUDIA SalesPercent:5.18} {ShoeModel:CADEVEN SalesPercent:4.97} {ShoeModel:CAELAN SalesPercent:4.75} {ShoeModel:ELOILLAN SalesPercent:4.77} {ShoeModel:GREG SalesPercent:5.04} {ShoeModel:GRELIDIEN SalesPercent:5} {ShoeModel:MCTYRE SalesPercent:5.14} {ShoeModel:MIRIRA SalesPercent:5.06} {ShoeModel:RASIEN SalesPercent:4.94} {ShoeModel:SCHOOLER SalesPercent:4.91} {ShoeModel:SEVIDE SalesPercent:5.35} {ShoeModel:SODANO SalesPercent:4.75} {ShoeModel:VENDOGNUS SalesPercent:5.08} {ShoeModel:WUMA SalesPercent:4.88}]
